The system is: Darwin - 23.0.0 - arm64
Compiling the C compiler identification source file "CMakeCCompilerId.c" succeeded.
Compiler: /Library/Developer/CommandLineTools/usr/bin/cc 
Build flags: 
Id flags: -c 

The output was:
0


Compilation of the C compiler identification source "CMakeCCompilerId.c" produced "CMakeCCompilerId.o"

The C compiler identification is AppleClang, found in "/Users/rkrsn/workspace/raptor-oss/llvm-slicer/cmake-build-debug/CMakeFiles/3.25.2/CompilerIdC/CMakeCCompilerId.o"

Compiling the CXX compiler identification source file "CMakeCXXCompilerId.cpp" succeeded.
Compiler: /Library/Developer/CommandLineTools/usr/bin/c++ 
Build flags: 
Id flags: -c 

The output was:
0


Compilation of the CXX compiler identification source "CMakeCXXCompilerId.cpp" produced "CMakeCXXCompilerId.o"

The CXX compiler identification is AppleClang, found in "/Users/rkrsn/workspace/raptor-oss/llvm-slicer/cmake-build-debug/CMakeFiles/3.25.2/CompilerIdCXX/CMakeCXXCompilerId.o"

Detecting C compiler ABI info compiled with the following output:
Change Dir: /Users/rkrsn/workspace/raptor-oss/llvm-slicer/cmake-build-debug/CMakeFiles/CMakeScratch/TryCompile-F5dag6

Run Build Command(s):/Applications/CLion.app/Contents/bin/ninja/mac/ninja cmTC_d5f3a && [1/2] Building C object CMakeFiles/cmTC_d5f3a.dir/CMakeCCompilerABI.c.o
Apple clang version 14.0.3 (clang-1403.0.22.14.1)
Target: arm64-apple-darwin23.0.0
Thread model: posix
InstalledDir: /Library/Developer/CommandLineTools/usr/bin
clang: warning: -Wl,-v: 'linker' input unused [-Wunused-command-line-argument]
 "/Library/Developer/CommandLineTools/usr/bin/clang" -cc1 -triple arm64-apple-macosx13.3.0 -Wundef-prefix=TARGET_OS_ -Wdeprecated-objc-isa-usage -Werror=deprecated-objc-isa-usage -Werror=implicit-function-declaration -emit-obj -mrelax-all --mrelax-relocations -disable-free -clear-ast-before-backend -disable-llvm-verifier -discard-value-names -main-file-name CMakeCCompilerABI.c -mrelocation-model pic -pic-level 2 -mframe-pointer=non-leaf -fno-strict-return -ffp-contract=on -fno-rounding-math -funwind-tables=1 -fobjc-msgsend-selector-stubs -target-sdk-version=13.3 -fvisibility-inlines-hidden-static-local-var -target-cpu apple-m1 -target-feature +v8.5a -target-feature +crc -target-feature +lse -target-feature +rdm -target-feature +crypto -target-feature +dotprod -target-feature +fp-armv8 -target-feature +neon -target-feature +fp16fml -target-feature +ras -target-feature +rcpc -target-feature +zcm -target-feature +zcz -target-feature +fullfp16 -target-feature +sm4 -target-feature +sha3 -target-feature +sha2 -target-feature +aes -target-abi darwinpcs -fallow-half-arguments-and-returns -mllvm -treat-scalable-fixed-error-as-warning -debugger-tuning=lldb -target-linker-version 857.1 -v -fcoverage-compilation-dir=/Users/rkrsn/workspace/raptor-oss/llvm-slicer/cmake-build-debug/CMakeFiles/CMakeScratch/TryCompile-F5dag6 -resource-dir /Library/Developer/CommandLineTools/usr/lib/clang/14.0.3 -dependency-file CMakeFiles/cmTC_d5f3a.dir/CMakeCCompilerABI.c.o.d -skip-unused-modulemap-deps -MT CMakeFiles/cmTC_d5f3a.dir/CMakeCCompilerABI.c.o -sys-header-deps -isysroot /Library/Developer/CommandLineTools/SDKs/MacOSX13.3.sdk -internal-isystem /Library/Developer/CommandLineTools/SDKs/MacOSX13.3.sdk/usr/local/include -internal-isystem /Library/Developer/CommandLineTools/usr/lib/clang/14.0.3/include -internal-externc-isystem /Library/Developer/CommandLineTools/SDKs/MacOSX13.3.sdk/usr/include -internal-externc-isystem /Library/Developer/CommandLineTools/usr/include -Wno-reorder-init-list -Wno-implicit-int-float-conversion -Wno-c99-designator -Wno-final-dtor-non-final-class -Wno-extra-semi-stmt -Wno-misleading-indentation -Wno-quoted-include-in-framework-header -Wno-implicit-fallthrough -Wno-enum-enum-conversion -Wno-enum-float-conversion -Wno-elaborated-enum-base -Wno-reserved-identifier -Wno-gnu-folding-constant -fdebug-compilation-dir=/Users/rkrsn/workspace/raptor-oss/llvm-slicer/cmake-build-debug/CMakeFiles/CMakeScratch/TryCompile-F5dag6 -ferror-limit 19 -stack-protector 1 -fstack-check -mdarwin-stkchk-strong-link -fblocks -fencode-extended-block-signature -fregister-global-dtors-with-atexit -fgnuc-version=4.2.1 -no-opaque-pointers -fmax-type-align=16 -fcommon -fcolor-diagnostics -clang-vendor-feature=+disableNonDependentMemberExprInCurrentInstantiation -fno-odr-hash-protocols -clang-vendor-feature=+enableAggressiveVLAFolding -clang-vendor-feature=+revert09abecef7bbf -clang-vendor-feature=+thisNoAlignAttr -clang-vendor-feature=+thisNoNullAttr -mllvm -disable-aligned-alloc-awareness=1 -D__GCC_HAVE_DWARF2_CFI_ASM=1 -o CMakeFiles/cmTC_d5f3a.dir/CMakeCCompilerABI.c.o -x c /Applications/CLion.app/Contents/bin/cmake/mac/share/cmake-3.25/Modules/CMakeCCompilerABI.c
clang -cc1 version 14.0.3 (clang-1403.0.22.14.1) default target arm64-apple-darwin23.0.0
ignoring nonexistent directory "/Library/Developer/CommandLineTools/SDKs/MacOSX13.3.sdk/usr/local/include"
ignoring nonexistent directory "/Library/Developer/CommandLineTools/SDKs/MacOSX13.3.sdk/Library/Frameworks"
#include "..." search starts here:
#include <...> search starts here:
 /Library/Developer/CommandLineTools/usr/lib/clang/14.0.3/include
 /Library/Developer/CommandLineTools/SDKs/MacOSX13.3.sdk/usr/include
 /Library/Developer/CommandLineTools/usr/include
 /Library/Developer/CommandLineTools/SDKs/MacOSX13.3.sdk/System/Library/Frameworks (framework directory)
End of search list.
[2/2] Linking C executable cmTC_d5f3a
Apple clang version 14.0.3 (clang-1403.0.22.14.1)
Target: arm64-apple-darwin23.0.0
Thread model: posix
InstalledDir: /Library/Developer/CommandLineTools/usr/bin
 "/Library/Developer/CommandLineTools/usr/bin/ld" -demangle -lto_library /Library/Developer/CommandLineTools/usr/lib/libLTO.dylib -dynamic -arch arm64 -platform_version macos 13.3.0 13.3 -syslibroot /Library/Developer/CommandLineTools/SDKs/MacOSX13.3.sdk -o cmTC_d5f3a -L/opt/homebrew/opt/llvm@13/lib -search_paths_first -headerpad_max_install_names -v CMakeFiles/cmTC_d5f3a.dir/CMakeCCompilerABI.c.o -lSystem /Library/Developer/CommandLineTools/usr/lib/clang/14.0.3/lib/darwin/libclang_rt.osx.a
@(#)PROGRAM:ld  PROJECT:ld64-857.1
BUILD 23:13:29 May  7 2023
configured to support archs: armv6 armv7 armv7s arm64 arm64e arm64_32 i386 x86_64 x86_64h armv6m armv7k armv7m armv7em
Library search paths:
	/opt/homebrew/opt/llvm@13/lib
	/Library/Developer/CommandLineTools/SDKs/MacOSX13.3.sdk/usr/lib
Framework search paths:
	/Library/Developer/CommandLineTools/SDKs/MacOSX13.3.sdk/System/Library/Frameworks/



Parsed C implicit include dir info from above output: rv=done
  found start of include info
  found start of implicit include info
    add: [/Library/Developer/CommandLineTools/usr/lib/clang/14.0.3/include]
    add: [/Library/Developer/CommandLineTools/SDKs/MacOSX13.3.sdk/usr/include]
    add: [/Library/Developer/CommandLineTools/usr/include]
  end of search list found
  collapse include dir [/Library/Developer/CommandLineTools/usr/lib/clang/14.0.3/include] ==> [/Library/Developer/CommandLineTools/usr/lib/clang/14.0.3/include]
  collapse include dir [/Library/Developer/CommandLineTools/SDKs/MacOSX13.3.sdk/usr/include] ==> [/Library/Developer/CommandLineTools/SDKs/MacOSX13.3.sdk/usr/include]
  collapse include dir [/Library/Developer/CommandLineTools/usr/include] ==> [/Library/Developer/CommandLineTools/usr/include]
  implicit include dirs: [/Library/Developer/CommandLineTools/usr/lib/clang/14.0.3/include;/Library/Developer/CommandLineTools/SDKs/MacOSX13.3.sdk/usr/include;/Library/Developer/CommandLineTools/usr/include]


Parsed C implicit link information from above output:
  link line regex: [^( *|.*[/\])(ld|CMAKE_LINK_STARTFILE-NOTFOUND|([^/\]+-)?ld|collect2)[^/\]*( |$)]
  ignore line: [Change Dir: /Users/rkrsn/workspace/raptor-oss/llvm-slicer/cmake-build-debug/CMakeFiles/CMakeScratch/TryCompile-F5dag6]
  ignore line: []
  ignore line: [Run Build Command(s):/Applications/CLion.app/Contents/bin/ninja/mac/ninja cmTC_d5f3a && [1/2] Building C object CMakeFiles/cmTC_d5f3a.dir/CMakeCCompilerABI.c.o]
  ignore line: [Apple clang version 14.0.3 (clang-1403.0.22.14.1)]
  ignore line: [Target: arm64-apple-darwin23.0.0]
  ignore line: [Thread model: posix]
  ignore line: [InstalledDir: /Library/Developer/CommandLineTools/usr/bin]
  ignore line: [clang: warning: -Wl -v: 'linker' input unused [-Wunused-command-line-argument]]
  ignore line: [ "/Library/Developer/CommandLineTools/usr/bin/clang" -cc1 -triple arm64-apple-macosx13.3.0 -Wundef-prefix=TARGET_OS_ -Wdeprecated-objc-isa-usage -Werror=deprecated-objc-isa-usage -Werror=implicit-function-declaration -emit-obj -mrelax-all --mrelax-relocations -disable-free -clear-ast-before-backend -disable-llvm-verifier -discard-value-names -main-file-name CMakeCCompilerABI.c -mrelocation-model pic -pic-level 2 -mframe-pointer=non-leaf -fno-strict-return -ffp-contract=on -fno-rounding-math -funwind-tables=1 -fobjc-msgsend-selector-stubs -target-sdk-version=13.3 -fvisibility-inlines-hidden-static-local-var -target-cpu apple-m1 -target-feature +v8.5a -target-feature +crc -target-feature +lse -target-feature +rdm -target-feature +crypto -target-feature +dotprod -target-feature +fp-armv8 -target-feature +neon -target-feature +fp16fml -target-feature +ras -target-feature +rcpc -target-feature +zcm -target-feature +zcz -target-feature +fullfp16 -target-feature +sm4 -target-feature +sha3 -target-feature +sha2 -target-feature +aes -target-abi darwinpcs -fallow-half-arguments-and-returns -mllvm -treat-scalable-fixed-error-as-warning -debugger-tuning=lldb -target-linker-version 857.1 -v -fcoverage-compilation-dir=/Users/rkrsn/workspace/raptor-oss/llvm-slicer/cmake-build-debug/CMakeFiles/CMakeScratch/TryCompile-F5dag6 -resource-dir /Library/Developer/CommandLineTools/usr/lib/clang/14.0.3 -dependency-file CMakeFiles/cmTC_d5f3a.dir/CMakeCCompilerABI.c.o.d -skip-unused-modulemap-deps -MT CMakeFiles/cmTC_d5f3a.dir/CMakeCCompilerABI.c.o -sys-header-deps -isysroot /Library/Developer/CommandLineTools/SDKs/MacOSX13.3.sdk -internal-isystem /Library/Developer/CommandLineTools/SDKs/MacOSX13.3.sdk/usr/local/include -internal-isystem /Library/Developer/CommandLineTools/usr/lib/clang/14.0.3/include -internal-externc-isystem /Library/Developer/CommandLineTools/SDKs/MacOSX13.3.sdk/usr/include -internal-externc-isystem /Library/Developer/CommandLineTools/usr/include -Wno-reorder-init-list -Wno-implicit-int-float-conversion -Wno-c99-designator -Wno-final-dtor-non-final-class -Wno-extra-semi-stmt -Wno-misleading-indentation -Wno-quoted-include-in-framework-header -Wno-implicit-fallthrough -Wno-enum-enum-conversion -Wno-enum-float-conversion -Wno-elaborated-enum-base -Wno-reserved-identifier -Wno-gnu-folding-constant -fdebug-compilation-dir=/Users/rkrsn/workspace/raptor-oss/llvm-slicer/cmake-build-debug/CMakeFiles/CMakeScratch/TryCompile-F5dag6 -ferror-limit 19 -stack-protector 1 -fstack-check -mdarwin-stkchk-strong-link -fblocks -fencode-extended-block-signature -fregister-global-dtors-with-atexit -fgnuc-version=4.2.1 -no-opaque-pointers -fmax-type-align=16 -fcommon -fcolor-diagnostics -clang-vendor-feature=+disableNonDependentMemberExprInCurrentInstantiation -fno-odr-hash-protocols -clang-vendor-feature=+enableAggressiveVLAFolding -clang-vendor-feature=+revert09abecef7bbf -clang-vendor-feature=+thisNoAlignAttr -clang-vendor-feature=+thisNoNullAttr -mllvm -disable-aligned-alloc-awareness=1 -D__GCC_HAVE_DWARF2_CFI_ASM=1 -o CMakeFiles/cmTC_d5f3a.dir/CMakeCCompilerABI.c.o -x c /Applications/CLion.app/Contents/bin/cmake/mac/share/cmake-3.25/Modules/CMakeCCompilerABI.c]
  ignore line: [clang -cc1 version 14.0.3 (clang-1403.0.22.14.1) default target arm64-apple-darwin23.0.0]
  ignore line: [ignoring nonexistent directory "/Library/Developer/CommandLineTools/SDKs/MacOSX13.3.sdk/usr/local/include"]
  ignore line: [ignoring nonexistent directory "/Library/Developer/CommandLineTools/SDKs/MacOSX13.3.sdk/Library/Frameworks"]
  ignore line: [#include "..." search starts here:]
  ignore line: [#include <...> search starts here:]
  ignore line: [ /Library/Developer/CommandLineTools/usr/lib/clang/14.0.3/include]
  ignore line: [ /Library/Developer/CommandLineTools/SDKs/MacOSX13.3.sdk/usr/include]
  ignore line: [ /Library/Developer/CommandLineTools/usr/include]
  ignore line: [ /Library/Developer/CommandLineTools/SDKs/MacOSX13.3.sdk/System/Library/Frameworks (framework directory)]
  ignore line: [End of search list.]
  ignore line: [[2/2] Linking C executable cmTC_d5f3a]
  ignore line: [Apple clang version 14.0.3 (clang-1403.0.22.14.1)]
  ignore line: [Target: arm64-apple-darwin23.0.0]
  ignore line: [Thread model: posix]
  ignore line: [InstalledDir: /Library/Developer/CommandLineTools/usr/bin]
  link line: [ "/Library/Developer/CommandLineTools/usr/bin/ld" -demangle -lto_library /Library/Developer/CommandLineTools/usr/lib/libLTO.dylib -dynamic -arch arm64 -platform_version macos 13.3.0 13.3 -syslibroot /Library/Developer/CommandLineTools/SDKs/MacOSX13.3.sdk -o cmTC_d5f3a -L/opt/homebrew/opt/llvm@13/lib -search_paths_first -headerpad_max_install_names -v CMakeFiles/cmTC_d5f3a.dir/CMakeCCompilerABI.c.o -lSystem /Library/Developer/CommandLineTools/usr/lib/clang/14.0.3/lib/darwin/libclang_rt.osx.a]
    arg [/Library/Developer/CommandLineTools/usr/bin/ld] ==> ignore
    arg [-demangle] ==> ignore
    arg [-lto_library] ==> ignore, skip following value
    arg [/Library/Developer/CommandLineTools/usr/lib/libLTO.dylib] ==> skip value of -lto_library
    arg [-dynamic] ==> ignore
    arg [-arch] ==> ignore
    arg [arm64] ==> ignore
    arg [-platform_version] ==> ignore
    arg [macos] ==> ignore
    arg [13.3.0] ==> ignore
    arg [13.3] ==> ignore
    arg [-syslibroot] ==> ignore
    arg [/Library/Developer/CommandLineTools/SDKs/MacOSX13.3.sdk] ==> ignore
    arg [-o] ==> ignore
    arg [cmTC_d5f3a] ==> ignore
    arg [-L/opt/homebrew/opt/llvm@13/lib] ==> dir [/opt/homebrew/opt/llvm@13/lib]
    arg [-search_paths_first] ==> ignore
    arg [-headerpad_max_install_names] ==> ignore
    arg [-v] ==> ignore
    arg [CMakeFiles/cmTC_d5f3a.dir/CMakeCCompilerABI.c.o] ==> ignore
    arg [-lSystem] ==> lib [System]
    arg [/Library/Developer/CommandLineTools/usr/lib/clang/14.0.3/lib/darwin/libclang_rt.osx.a] ==> lib [/Library/Developer/CommandLineTools/usr/lib/clang/14.0.3/lib/darwin/libclang_rt.osx.a]
  Library search paths: [;/opt/homebrew/opt/llvm@13/lib;/Library/Developer/CommandLineTools/SDKs/MacOSX13.3.sdk/usr/lib]
  Framework search paths: [;/Library/Developer/CommandLineTools/SDKs/MacOSX13.3.sdk/System/Library/Frameworks/]
  remove lib [System]
  remove lib [/Library/Developer/CommandLineTools/usr/lib/clang/14.0.3/lib/darwin/libclang_rt.osx.a]
  collapse library dir [/opt/homebrew/opt/llvm@13/lib] ==> [/opt/homebrew/opt/llvm@13/lib]
  collapse library dir [/opt/homebrew/opt/llvm@13/lib] ==> [/opt/homebrew/opt/llvm@13/lib]
  collapse library dir [/Library/Developer/CommandLineTools/SDKs/MacOSX13.3.sdk/usr/lib] ==> [/Library/Developer/CommandLineTools/SDKs/MacOSX13.3.sdk/usr/lib]
  collapse framework dir [/Library/Developer/CommandLineTools/SDKs/MacOSX13.3.sdk/System/Library/Frameworks/] ==> [/Library/Developer/CommandLineTools/SDKs/MacOSX13.3.sdk/System/Library/Frameworks]
  implicit libs: []
  implicit objs: []
  implicit dirs: [/opt/homebrew/opt/llvm@13/lib;/Library/Developer/CommandLineTools/SDKs/MacOSX13.3.sdk/usr/lib]
  implicit fwks: [/Library/Developer/CommandLineTools/SDKs/MacOSX13.3.sdk/System/Library/Frameworks]


Detecting CXX compiler ABI info compiled with the following output:
Change Dir: /Users/rkrsn/workspace/raptor-oss/llvm-slicer/cmake-build-debug/CMakeFiles/CMakeScratch/TryCompile-32tXU3

Run Build Command(s):/Applications/CLion.app/Contents/bin/ninja/mac/ninja cmTC_5dfd6 && [1/2] Building CXX object CMakeFiles/cmTC_5dfd6.dir/CMakeCXXCompilerABI.cpp.o
Apple clang version 14.0.3 (clang-1403.0.22.14.1)
Target: arm64-apple-darwin23.0.0
Thread model: posix
InstalledDir: /Library/Developer/CommandLineTools/usr/bin
clang: warning: -Wl,-v: 'linker' input unused [-Wunused-command-line-argument]
 "/Library/Developer/CommandLineTools/usr/bin/clang" -cc1 -triple arm64-apple-macosx13.3.0 -Wundef-prefix=TARGET_OS_ -Wdeprecated-objc-isa-usage -Werror=deprecated-objc-isa-usage -Werror=implicit-function-declaration -emit-obj -mrelax-all --mrelax-relocations -disable-free -clear-ast-before-backend -disable-llvm-verifier -discard-value-names -main-file-name CMakeCXXCompilerABI.cpp -mrelocation-model pic -pic-level 2 -mframe-pointer=non-leaf -fno-strict-return -ffp-contract=on -fno-rounding-math -funwind-tables=1 -fobjc-msgsend-selector-stubs -target-sdk-version=13.3 -fvisibility-inlines-hidden-static-local-var -target-cpu apple-m1 -target-feature +v8.5a -target-feature +crc -target-feature +lse -target-feature +rdm -target-feature +crypto -target-feature +dotprod -target-feature +fp-armv8 -target-feature +neon -target-feature +fp16fml -target-feature +ras -target-feature +rcpc -target-feature +zcm -target-feature +zcz -target-feature +fullfp16 -target-feature +sm4 -target-feature +sha3 -target-feature +sha2 -target-feature +aes -target-abi darwinpcs -fallow-half-arguments-and-returns -mllvm -treat-scalable-fixed-error-as-warning -debugger-tuning=lldb -target-linker-version 857.1 -v -fcoverage-compilation-dir=/Users/rkrsn/workspace/raptor-oss/llvm-slicer/cmake-build-debug/CMakeFiles/CMakeScratch/TryCompile-32tXU3 -resource-dir /Library/Developer/CommandLineTools/usr/lib/clang/14.0.3 -dependency-file CMakeFiles/cmTC_5dfd6.dir/CMakeCXXCompilerABI.cpp.o.d -skip-unused-modulemap-deps -MT CMakeFiles/cmTC_5dfd6.dir/CMakeCXXCompilerABI.cpp.o -sys-header-deps -isysroot /Library/Developer/CommandLineTools/SDKs/MacOSX13.3.sdk -stdlib=libc++ -internal-isystem /Library/Developer/CommandLineTools/SDKs/MacOSX13.3.sdk/usr/include/c++/v1 -internal-isystem /Library/Developer/CommandLineTools/SDKs/MacOSX13.3.sdk/usr/local/include -internal-isystem /Library/Developer/CommandLineTools/usr/lib/clang/14.0.3/include -internal-externc-isystem /Library/Developer/CommandLineTools/SDKs/MacOSX13.3.sdk/usr/include -internal-externc-isystem /Library/Developer/CommandLineTools/usr/include -Wno-reorder-init-list -Wno-implicit-int-float-conversion -Wno-c99-designator -Wno-final-dtor-non-final-class -Wno-extra-semi-stmt -Wno-misleading-indentation -Wno-quoted-include-in-framework-header -Wno-implicit-fallthrough -Wno-enum-enum-conversion -Wno-enum-float-conversion -Wno-elaborated-enum-base -Wno-reserved-identifier -Wno-gnu-folding-constant -fdeprecated-macro -fdebug-compilation-dir=/Users/rkrsn/workspace/raptor-oss/llvm-slicer/cmake-build-debug/CMakeFiles/CMakeScratch/TryCompile-32tXU3 -ferror-limit 19 -stack-protector 1 -fstack-check -mdarwin-stkchk-strong-link -fblocks -fencode-extended-block-signature -fregister-global-dtors-with-atexit -fgnuc-version=4.2.1 -fno-cxx-modules -no-opaque-pointers -fcxx-exceptions -fexceptions -fmax-type-align=16 -fcommon -fcolor-diagnostics -clang-vendor-feature=+disableNonDependentMemberExprInCurrentInstantiation -fno-odr-hash-protocols -clang-vendor-feature=+enableAggressiveVLAFolding -clang-vendor-feature=+revert09abecef7bbf -clang-vendor-feature=+thisNoAlignAttr -clang-vendor-feature=+thisNoNullAttr -mllvm -disable-aligned-alloc-awareness=1 -D__GCC_HAVE_DWARF2_CFI_ASM=1 -o CMakeFiles/cmTC_5dfd6.dir/CMakeCXXCompilerABI.cpp.o -x c++ /Applications/CLion.app/Contents/bin/cmake/mac/share/cmake-3.25/Modules/CMakeCXXCompilerABI.cpp
clang -cc1 version 14.0.3 (clang-1403.0.22.14.1) default target arm64-apple-darwin23.0.0
ignoring nonexistent directory "/Library/Developer/CommandLineTools/SDKs/MacOSX13.3.sdk/usr/local/include"
ignoring nonexistent directory "/Library/Developer/CommandLineTools/SDKs/MacOSX13.3.sdk/Library/Frameworks"
#include "..." search starts here:
#include <...> search starts here:
 /Library/Developer/CommandLineTools/SDKs/MacOSX13.3.sdk/usr/include/c++/v1
 /Library/Developer/CommandLineTools/usr/lib/clang/14.0.3/include
 /Library/Developer/CommandLineTools/SDKs/MacOSX13.3.sdk/usr/include
 /Library/Developer/CommandLineTools/usr/include
 /Library/Developer/CommandLineTools/SDKs/MacOSX13.3.sdk/System/Library/Frameworks (framework directory)
End of search list.
[2/2] Linking CXX executable cmTC_5dfd6
Apple clang version 14.0.3 (clang-1403.0.22.14.1)
Target: arm64-apple-darwin23.0.0
Thread model: posix
InstalledDir: /Library/Developer/CommandLineTools/usr/bin
 "/Library/Developer/CommandLineTools/usr/bin/ld" -demangle -lto_library /Library/Developer/CommandLineTools/usr/lib/libLTO.dylib -dynamic -arch arm64 -platform_version macos 13.3.0 13.3 -syslibroot /Library/Developer/CommandLineTools/SDKs/MacOSX13.3.sdk -o cmTC_5dfd6 -L/opt/homebrew/opt/llvm@13/lib -search_paths_first -headerpad_max_install_names -v CMakeFiles/cmTC_5dfd6.dir/CMakeCXXCompilerABI.cpp.o -lc++ -lSystem /Library/Developer/CommandLineTools/usr/lib/clang/14.0.3/lib/darwin/libclang_rt.osx.a
@(#)PROGRAM:ld  PROJECT:ld64-857.1
BUILD 23:13:29 May  7 2023
configured to support archs: armv6 armv7 armv7s arm64 arm64e arm64_32 i386 x86_64 x86_64h armv6m armv7k armv7m armv7em
Library search paths:
	/opt/homebrew/opt/llvm@13/lib
	/Library/Developer/CommandLineTools/SDKs/MacOSX13.3.sdk/usr/lib
Framework search paths:
	/Library/Developer/CommandLineTools/SDKs/MacOSX13.3.sdk/System/Library/Frameworks/



Parsed CXX implicit include dir info from above output: rv=done
  found start of include info
  found start of implicit include info
    add: [/Library/Developer/CommandLineTools/SDKs/MacOSX13.3.sdk/usr/include/c++/v1]
    add: [/Library/Developer/CommandLineTools/usr/lib/clang/14.0.3/include]
    add: [/Library/Developer/CommandLineTools/SDKs/MacOSX13.3.sdk/usr/include]
    add: [/Library/Developer/CommandLineTools/usr/include]
  end of search list found
  collapse include dir [/Library/Developer/CommandLineTools/SDKs/MacOSX13.3.sdk/usr/include/c++/v1] ==> [/Library/Developer/CommandLineTools/SDKs/MacOSX13.3.sdk/usr/include/c++/v1]
  collapse include dir [/Library/Developer/CommandLineTools/usr/lib/clang/14.0.3/include] ==> [/Library/Developer/CommandLineTools/usr/lib/clang/14.0.3/include]
  collapse include dir [/Library/Developer/CommandLineTools/SDKs/MacOSX13.3.sdk/usr/include] ==> [/Library/Developer/CommandLineTools/SDKs/MacOSX13.3.sdk/usr/include]
  collapse include dir [/Library/Developer/CommandLineTools/usr/include] ==> [/Library/Developer/CommandLineTools/usr/include]
  implicit include dirs: [/Library/Developer/CommandLineTools/SDKs/MacOSX13.3.sdk/usr/include/c++/v1;/Library/Developer/CommandLineTools/usr/lib/clang/14.0.3/include;/Library/Developer/CommandLineTools/SDKs/MacOSX13.3.sdk/usr/include;/Library/Developer/CommandLineTools/usr/include]


Parsed CXX implicit link information from above output:
  link line regex: [^( *|.*[/\])(ld|CMAKE_LINK_STARTFILE-NOTFOUND|([^/\]+-)?ld|collect2)[^/\]*( |$)]
  ignore line: [Change Dir: /Users/rkrsn/workspace/raptor-oss/llvm-slicer/cmake-build-debug/CMakeFiles/CMakeScratch/TryCompile-32tXU3]
  ignore line: []
  ignore line: [Run Build Command(s):/Applications/CLion.app/Contents/bin/ninja/mac/ninja cmTC_5dfd6 && [1/2] Building CXX object CMakeFiles/cmTC_5dfd6.dir/CMakeCXXCompilerABI.cpp.o]
  ignore line: [Apple clang version 14.0.3 (clang-1403.0.22.14.1)]
  ignore line: [Target: arm64-apple-darwin23.0.0]
  ignore line: [Thread model: posix]
  ignore line: [InstalledDir: /Library/Developer/CommandLineTools/usr/bin]
  ignore line: [clang: warning: -Wl -v: 'linker' input unused [-Wunused-command-line-argument]]
  ignore line: [ "/Library/Developer/CommandLineTools/usr/bin/clang" -cc1 -triple arm64-apple-macosx13.3.0 -Wundef-prefix=TARGET_OS_ -Wdeprecated-objc-isa-usage -Werror=deprecated-objc-isa-usage -Werror=implicit-function-declaration -emit-obj -mrelax-all --mrelax-relocations -disable-free -clear-ast-before-backend -disable-llvm-verifier -discard-value-names -main-file-name CMakeCXXCompilerABI.cpp -mrelocation-model pic -pic-level 2 -mframe-pointer=non-leaf -fno-strict-return -ffp-contract=on -fno-rounding-math -funwind-tables=1 -fobjc-msgsend-selector-stubs -target-sdk-version=13.3 -fvisibility-inlines-hidden-static-local-var -target-cpu apple-m1 -target-feature +v8.5a -target-feature +crc -target-feature +lse -target-feature +rdm -target-feature +crypto -target-feature +dotprod -target-feature +fp-armv8 -target-feature +neon -target-feature +fp16fml -target-feature +ras -target-feature +rcpc -target-feature +zcm -target-feature +zcz -target-feature +fullfp16 -target-feature +sm4 -target-feature +sha3 -target-feature +sha2 -target-feature +aes -target-abi darwinpcs -fallow-half-arguments-and-returns -mllvm -treat-scalable-fixed-error-as-warning -debugger-tuning=lldb -target-linker-version 857.1 -v -fcoverage-compilation-dir=/Users/rkrsn/workspace/raptor-oss/llvm-slicer/cmake-build-debug/CMakeFiles/CMakeScratch/TryCompile-32tXU3 -resource-dir /Library/Developer/CommandLineTools/usr/lib/clang/14.0.3 -dependency-file CMakeFiles/cmTC_5dfd6.dir/CMakeCXXCompilerABI.cpp.o.d -skip-unused-modulemap-deps -MT CMakeFiles/cmTC_5dfd6.dir/CMakeCXXCompilerABI.cpp.o -sys-header-deps -isysroot /Library/Developer/CommandLineTools/SDKs/MacOSX13.3.sdk -stdlib=libc++ -internal-isystem /Library/Developer/CommandLineTools/SDKs/MacOSX13.3.sdk/usr/include/c++/v1 -internal-isystem /Library/Developer/CommandLineTools/SDKs/MacOSX13.3.sdk/usr/local/include -internal-isystem /Library/Developer/CommandLineTools/usr/lib/clang/14.0.3/include -internal-externc-isystem /Library/Developer/CommandLineTools/SDKs/MacOSX13.3.sdk/usr/include -internal-externc-isystem /Library/Developer/CommandLineTools/usr/include -Wno-reorder-init-list -Wno-implicit-int-float-conversion -Wno-c99-designator -Wno-final-dtor-non-final-class -Wno-extra-semi-stmt -Wno-misleading-indentation -Wno-quoted-include-in-framework-header -Wno-implicit-fallthrough -Wno-enum-enum-conversion -Wno-enum-float-conversion -Wno-elaborated-enum-base -Wno-reserved-identifier -Wno-gnu-folding-constant -fdeprecated-macro -fdebug-compilation-dir=/Users/rkrsn/workspace/raptor-oss/llvm-slicer/cmake-build-debug/CMakeFiles/CMakeScratch/TryCompile-32tXU3 -ferror-limit 19 -stack-protector 1 -fstack-check -mdarwin-stkchk-strong-link -fblocks -fencode-extended-block-signature -fregister-global-dtors-with-atexit -fgnuc-version=4.2.1 -fno-cxx-modules -no-opaque-pointers -fcxx-exceptions -fexceptions -fmax-type-align=16 -fcommon -fcolor-diagnostics -clang-vendor-feature=+disableNonDependentMemberExprInCurrentInstantiation -fno-odr-hash-protocols -clang-vendor-feature=+enableAggressiveVLAFolding -clang-vendor-feature=+revert09abecef7bbf -clang-vendor-feature=+thisNoAlignAttr -clang-vendor-feature=+thisNoNullAttr -mllvm -disable-aligned-alloc-awareness=1 -D__GCC_HAVE_DWARF2_CFI_ASM=1 -o CMakeFiles/cmTC_5dfd6.dir/CMakeCXXCompilerABI.cpp.o -x c++ /Applications/CLion.app/Contents/bin/cmake/mac/share/cmake-3.25/Modules/CMakeCXXCompilerABI.cpp]
  ignore line: [clang -cc1 version 14.0.3 (clang-1403.0.22.14.1) default target arm64-apple-darwin23.0.0]
  ignore line: [ignoring nonexistent directory "/Library/Developer/CommandLineTools/SDKs/MacOSX13.3.sdk/usr/local/include"]
  ignore line: [ignoring nonexistent directory "/Library/Developer/CommandLineTools/SDKs/MacOSX13.3.sdk/Library/Frameworks"]
  ignore line: [#include "..." search starts here:]
  ignore line: [#include <...> search starts here:]
  ignore line: [ /Library/Developer/CommandLineTools/SDKs/MacOSX13.3.sdk/usr/include/c++/v1]
  ignore line: [ /Library/Developer/CommandLineTools/usr/lib/clang/14.0.3/include]
  ignore line: [ /Library/Developer/CommandLineTools/SDKs/MacOSX13.3.sdk/usr/include]
  ignore line: [ /Library/Developer/CommandLineTools/usr/include]
  ignore line: [ /Library/Developer/CommandLineTools/SDKs/MacOSX13.3.sdk/System/Library/Frameworks (framework directory)]
  ignore line: [End of search list.]
  ignore line: [[2/2] Linking CXX executable cmTC_5dfd6]
  ignore line: [Apple clang version 14.0.3 (clang-1403.0.22.14.1)]
  ignore line: [Target: arm64-apple-darwin23.0.0]
  ignore line: [Thread model: posix]
  ignore line: [InstalledDir: /Library/Developer/CommandLineTools/usr/bin]
  link line: [ "/Library/Developer/CommandLineTools/usr/bin/ld" -demangle -lto_library /Library/Developer/CommandLineTools/usr/lib/libLTO.dylib -dynamic -arch arm64 -platform_version macos 13.3.0 13.3 -syslibroot /Library/Developer/CommandLineTools/SDKs/MacOSX13.3.sdk -o cmTC_5dfd6 -L/opt/homebrew/opt/llvm@13/lib -search_paths_first -headerpad_max_install_names -v CMakeFiles/cmTC_5dfd6.dir/CMakeCXXCompilerABI.cpp.o -lc++ -lSystem /Library/Developer/CommandLineTools/usr/lib/clang/14.0.3/lib/darwin/libclang_rt.osx.a]
    arg [/Library/Developer/CommandLineTools/usr/bin/ld] ==> ignore
    arg [-demangle] ==> ignore
    arg [-lto_library] ==> ignore, skip following value
    arg [/Library/Developer/CommandLineTools/usr/lib/libLTO.dylib] ==> skip value of -lto_library
    arg [-dynamic] ==> ignore
    arg [-arch] ==> ignore
    arg [arm64] ==> ignore
    arg [-platform_version] ==> ignore
    arg [macos] ==> ignore
    arg [13.3.0] ==> ignore
    arg [13.3] ==> ignore
    arg [-syslibroot] ==> ignore
    arg [/Library/Developer/CommandLineTools/SDKs/MacOSX13.3.sdk] ==> ignore
    arg [-o] ==> ignore
    arg [cmTC_5dfd6] ==> ignore
    arg [-L/opt/homebrew/opt/llvm@13/lib] ==> dir [/opt/homebrew/opt/llvm@13/lib]
    arg [-search_paths_first] ==> ignore
    arg [-headerpad_max_install_names] ==> ignore
    arg [-v] ==> ignore
    arg [CMakeFiles/cmTC_5dfd6.dir/CMakeCXXCompilerABI.cpp.o] ==> ignore
    arg [-lc++] ==> lib [c++]
    arg [-lSystem] ==> lib [System]
    arg [/Library/Developer/CommandLineTools/usr/lib/clang/14.0.3/lib/darwin/libclang_rt.osx.a] ==> lib [/Library/Developer/CommandLineTools/usr/lib/clang/14.0.3/lib/darwin/libclang_rt.osx.a]
  Library search paths: [;/opt/homebrew/opt/llvm@13/lib;/Library/Developer/CommandLineTools/SDKs/MacOSX13.3.sdk/usr/lib]
  Framework search paths: [;/Library/Developer/CommandLineTools/SDKs/MacOSX13.3.sdk/System/Library/Frameworks/]
  remove lib [System]
  remove lib [/Library/Developer/CommandLineTools/usr/lib/clang/14.0.3/lib/darwin/libclang_rt.osx.a]
  collapse library dir [/opt/homebrew/opt/llvm@13/lib] ==> [/opt/homebrew/opt/llvm@13/lib]
  collapse library dir [/opt/homebrew/opt/llvm@13/lib] ==> [/opt/homebrew/opt/llvm@13/lib]
  collapse library dir [/Library/Developer/CommandLineTools/SDKs/MacOSX13.3.sdk/usr/lib] ==> [/Library/Developer/CommandLineTools/SDKs/MacOSX13.3.sdk/usr/lib]
  collapse framework dir [/Library/Developer/CommandLineTools/SDKs/MacOSX13.3.sdk/System/Library/Frameworks/] ==> [/Library/Developer/CommandLineTools/SDKs/MacOSX13.3.sdk/System/Library/Frameworks]
  implicit libs: [c++]
  implicit objs: []
  implicit dirs: [/opt/homebrew/opt/llvm@13/lib;/Library/Developer/CommandLineTools/SDKs/MacOSX13.3.sdk/usr/lib]
  implicit fwks: [/Library/Developer/CommandLineTools/SDKs/MacOSX13.3.sdk/System/Library/Frameworks]


Performing C++ SOURCE FILE Test HAS_NULLPTR_WARNING succeeded with the following output:
Change Dir: /Users/rkrsn/workspace/raptor-oss/llvm-slicer/cmake-build-debug/CMakeFiles/CMakeScratch/TryCompile-QHZ6Jk

Run Build Command(s):/Applications/CLion.app/Contents/bin/ninja/mac/ninja cmTC_d239c && [1/2] Building CXX object CMakeFiles/cmTC_d239c.dir/src.cxx.o
[2/2] Linking CXX executable cmTC_d239c


Source file was:
int main() { return 0; }

Checking whether the ASM compiler is Clang using "--version" matched "(clang version)":
Apple clang version 14.0.3 (clang-1403.0.22.14.1)
Target: arm64-apple-darwin23.0.0
Thread model: posix
InstalledDir: /Library/Developer/CommandLineTools/usr/bin
Determining if the include file dlfcn.h exists passed with the following output:
Change Dir: /Users/rkrsn/workspace/raptor-oss/llvm-slicer/cmake-build-debug/CMakeFiles/CMakeScratch/TryCompile-rMY1Eq

Run Build Command(s):/Applications/CLion.app/Contents/bin/ninja/mac/ninja cmTC_d4637 && [1/2] Building C object CMakeFiles/cmTC_d4637.dir/CheckIncludeFile.c.o
[2/2] Linking C executable cmTC_d4637



Determining if the include file errno.h exists passed with the following output:
Change Dir: /Users/rkrsn/workspace/raptor-oss/llvm-slicer/cmake-build-debug/CMakeFiles/CMakeScratch/TryCompile-1DIIsD

Run Build Command(s):/Applications/CLion.app/Contents/bin/ninja/mac/ninja cmTC_a21e4 && [1/2] Building C object CMakeFiles/cmTC_a21e4.dir/CheckIncludeFile.c.o
[2/2] Linking C executable cmTC_a21e4



Determining if the include file fcntl.h exists passed with the following output:
Change Dir: /Users/rkrsn/workspace/raptor-oss/llvm-slicer/cmake-build-debug/CMakeFiles/CMakeScratch/TryCompile-qHthfS

Run Build Command(s):/Applications/CLion.app/Contents/bin/ninja/mac/ninja cmTC_1158c && [1/2] Building C object CMakeFiles/cmTC_1158c.dir/CheckIncludeFile.c.o
[2/2] Linking C executable cmTC_1158c



Determining if the include file malloc/malloc.h exists passed with the following output:
Change Dir: /Users/rkrsn/workspace/raptor-oss/llvm-slicer/cmake-build-debug/CMakeFiles/CMakeScratch/TryCompile-Tyihhd

Run Build Command(s):/Applications/CLion.app/Contents/bin/ninja/mac/ninja cmTC_230dd && [1/2] Building C object CMakeFiles/cmTC_230dd.dir/CheckIncludeFile.c.o
[2/2] Linking C executable cmTC_230dd



Determining if the include file pthread.h exists passed with the following output:
Change Dir: /Users/rkrsn/workspace/raptor-oss/llvm-slicer/cmake-build-debug/CMakeFiles/CMakeScratch/TryCompile-zbHIXj

Run Build Command(s):/Applications/CLion.app/Contents/bin/ninja/mac/ninja cmTC_08c94 && [1/2] Building C object CMakeFiles/cmTC_08c94.dir/CheckIncludeFile.c.o
[2/2] Linking C executable cmTC_08c94



Determining if the include file signal.h exists passed with the following output:
Change Dir: /Users/rkrsn/workspace/raptor-oss/llvm-slicer/cmake-build-debug/CMakeFiles/CMakeScratch/TryCompile-PjJtmH

Run Build Command(s):/Applications/CLion.app/Contents/bin/ninja/mac/ninja cmTC_c6942 && [1/2] Building C object CMakeFiles/cmTC_c6942.dir/CheckIncludeFile.c.o
[2/2] Linking C executable cmTC_c6942



Determining if the include file sys/ioctl.h exists passed with the following output:
Change Dir: /Users/rkrsn/workspace/raptor-oss/llvm-slicer/cmake-build-debug/CMakeFiles/CMakeScratch/TryCompile-74dHEh

Run Build Command(s):/Applications/CLion.app/Contents/bin/ninja/mac/ninja cmTC_9a1bf && [1/2] Building C object CMakeFiles/cmTC_9a1bf.dir/CheckIncludeFile.c.o
[2/2] Linking C executable cmTC_9a1bf



Determining if the include file sys/mman.h exists passed with the following output:
Change Dir: /Users/rkrsn/workspace/raptor-oss/llvm-slicer/cmake-build-debug/CMakeFiles/CMakeScratch/TryCompile-6NsBkC

Run Build Command(s):/Applications/CLion.app/Contents/bin/ninja/mac/ninja cmTC_d6e1d && [1/2] Building C object CMakeFiles/cmTC_d6e1d.dir/CheckIncludeFile.c.o
[2/2] Linking C executable cmTC_d6e1d



Determining if the include file sys/param.h exists passed with the following output:
Change Dir: /Users/rkrsn/workspace/raptor-oss/llvm-slicer/cmake-build-debug/CMakeFiles/CMakeScratch/TryCompile-NHVCiH

Run Build Command(s):/Applications/CLion.app/Contents/bin/ninja/mac/ninja cmTC_bbcbb && [1/2] Building C object CMakeFiles/cmTC_bbcbb.dir/CheckIncludeFile.c.o
[2/2] Linking C executable cmTC_bbcbb



Determining if the include file sys/resource.h exists passed with the following output:
Change Dir: /Users/rkrsn/workspace/raptor-oss/llvm-slicer/cmake-build-debug/CMakeFiles/CMakeScratch/TryCompile-WdFbKk

Run Build Command(s):/Applications/CLion.app/Contents/bin/ninja/mac/ninja cmTC_156f4 && [1/2] Building C object CMakeFiles/cmTC_156f4.dir/CheckIncludeFile.c.o
[2/2] Linking C executable cmTC_156f4



Determining if the include file sys/stat.h exists passed with the following output:
Change Dir: /Users/rkrsn/workspace/raptor-oss/llvm-slicer/cmake-build-debug/CMakeFiles/CMakeScratch/TryCompile-0Pu1lp

Run Build Command(s):/Applications/CLion.app/Contents/bin/ninja/mac/ninja cmTC_ad8df && [1/2] Building C object CMakeFiles/cmTC_ad8df.dir/CheckIncludeFile.c.o
[2/2] Linking C executable cmTC_ad8df



Determining if the include file sys/time.h exists passed with the following output:
Change Dir: /Users/rkrsn/workspace/raptor-oss/llvm-slicer/cmake-build-debug/CMakeFiles/CMakeScratch/TryCompile-m00CNC

Run Build Command(s):/Applications/CLion.app/Contents/bin/ninja/mac/ninja cmTC_47d30 && [1/2] Building C object CMakeFiles/cmTC_47d30.dir/CheckIncludeFile.c.o
[2/2] Linking C executable cmTC_47d30



Determining if the include file sys/types.h exists passed with the following output:
Change Dir: /Users/rkrsn/workspace/raptor-oss/llvm-slicer/cmake-build-debug/CMakeFiles/CMakeScratch/TryCompile-ZZzrFO

Run Build Command(s):/Applications/CLion.app/Contents/bin/ninja/mac/ninja cmTC_41315 && [1/2] Building C object CMakeFiles/cmTC_41315.dir/CheckIncludeFile.c.o
[2/2] Linking C executable cmTC_41315



Determining if the include file sysexits.h exists passed with the following output:
Change Dir: /Users/rkrsn/workspace/raptor-oss/llvm-slicer/cmake-build-debug/CMakeFiles/CMakeScratch/TryCompile-Ok6Vh5

Run Build Command(s):/Applications/CLion.app/Contents/bin/ninja/mac/ninja cmTC_573ae && [1/2] Building C object CMakeFiles/cmTC_573ae.dir/CheckIncludeFile.c.o
[2/2] Linking C executable cmTC_573ae



Determining if the include file termios.h exists passed with the following output:
Change Dir: /Users/rkrsn/workspace/raptor-oss/llvm-slicer/cmake-build-debug/CMakeFiles/CMakeScratch/TryCompile-kNz8cZ

Run Build Command(s):/Applications/CLion.app/Contents/bin/ninja/mac/ninja cmTC_9f476 && [1/2] Building C object CMakeFiles/cmTC_9f476.dir/CheckIncludeFile.c.o
[2/2] Linking C executable cmTC_9f476



Determining if the include file unistd.h exists passed with the following output:
Change Dir: /Users/rkrsn/workspace/raptor-oss/llvm-slicer/cmake-build-debug/CMakeFiles/CMakeScratch/TryCompile-KbJ2Nx

Run Build Command(s):/Applications/CLion.app/Contents/bin/ninja/mac/ninja cmTC_4fa85 && [1/2] Building C object CMakeFiles/cmTC_4fa85.dir/CheckIncludeFile.c.o
[2/2] Linking C executable cmTC_4fa85



Determining if the include file fenv.h exists passed with the following output:
Change Dir: /Users/rkrsn/workspace/raptor-oss/llvm-slicer/cmake-build-debug/CMakeFiles/CMakeScratch/TryCompile-FqlpGT

Run Build Command(s):/Applications/CLion.app/Contents/bin/ninja/mac/ninja cmTC_d28ea && [1/2] Building C object CMakeFiles/cmTC_d28ea.dir/CheckIncludeFile.c.o
[2/2] Linking C executable cmTC_d28ea



Determining if the FE_ALL_EXCEPT exist passed with the following output:
Change Dir: /Users/rkrsn/workspace/raptor-oss/llvm-slicer/cmake-build-debug/CMakeFiles/CMakeScratch/TryCompile-4WuEjg

Run Build Command(s):/Applications/CLion.app/Contents/bin/ninja/mac/ninja cmTC_bcbfc && [1/2] Building C object CMakeFiles/cmTC_bcbfc.dir/CheckSymbolExists.c.o
[2/2] Linking C executable cmTC_bcbfc


File CheckSymbolExists.c:
/* */
#include <fenv.h>

int main(int argc, char** argv)
{
  (void)argv;
#ifndef FE_ALL_EXCEPT
  return ((int*)(&FE_ALL_EXCEPT))[argc];
#else
  (void)argc;
  return 0;
#endif
}

Determining if the FE_INEXACT exist passed with the following output:
Change Dir: /Users/rkrsn/workspace/raptor-oss/llvm-slicer/cmake-build-debug/CMakeFiles/CMakeScratch/TryCompile-v5thrM

Run Build Command(s):/Applications/CLion.app/Contents/bin/ninja/mac/ninja cmTC_46e15 && [1/2] Building C object CMakeFiles/cmTC_46e15.dir/CheckSymbolExists.c.o
[2/2] Linking C executable cmTC_46e15


File CheckSymbolExists.c:
/* */
#include <fenv.h>

int main(int argc, char** argv)
{
  (void)argv;
#ifndef FE_INEXACT
  return ((int*)(&FE_INEXACT))[argc];
#else
  (void)argc;
  return 0;
#endif
}

Determining if the include file mach/mach.h exists passed with the following output:
Change Dir: /Users/rkrsn/workspace/raptor-oss/llvm-slicer/cmake-build-debug/CMakeFiles/CMakeScratch/TryCompile-I2IKjB

Run Build Command(s):/Applications/CLion.app/Contents/bin/ninja/mac/ninja cmTC_b3778 && [1/2] Building C object CMakeFiles/cmTC_b3778.dir/CheckIncludeFile.c.o
[2/2] Linking C executable cmTC_b3778



Determining if the include file histedit.h exists passed with the following output:
Change Dir: /Users/rkrsn/workspace/raptor-oss/llvm-slicer/cmake-build-debug/CMakeFiles/CMakeScratch/TryCompile-R4hDww

Run Build Command(s):/Applications/CLion.app/Contents/bin/ninja/mac/ninja cmTC_032aa && [1/2] Building C object CMakeFiles/cmTC_032aa.dir/CheckIncludeFile.c.o
[2/2] Linking C executable cmTC_032aa



Performing C SOURCE FILE Test HAVE_CRASHREPORTER_INFO succeeded with the following output:
Change Dir: /Users/rkrsn/workspace/raptor-oss/llvm-slicer/cmake-build-debug/CMakeFiles/CMakeScratch/TryCompile-1HQ9Om

Run Build Command(s):/Applications/CLion.app/Contents/bin/ninja/mac/ninja cmTC_7fab7 && [1/2] Building C object CMakeFiles/cmTC_7fab7.dir/src.c.o
[2/2] Linking C executable cmTC_7fab7


Source file was:

     static const char *__crashreporter_info__ = 0;
     asm(".desc ___crashreporter_info__, 0x10");
     int main() { return 0; }

Determining if the function pthread_create exists in the pthread passed with the following output:
Change Dir: /Users/rkrsn/workspace/raptor-oss/llvm-slicer/cmake-build-debug/CMakeFiles/CMakeScratch/TryCompile-qj5kQf

Run Build Command(s):/Applications/CLion.app/Contents/bin/ninja/mac/ninja cmTC_0b6c0 && [1/2] Building C object CMakeFiles/cmTC_0b6c0.dir/CheckFunctionExists.c.o
[2/2] Linking C executable cmTC_0b6c0



Determining if the function pthread_getspecific exists in the pthread passed with the following output:
Change Dir: /Users/rkrsn/workspace/raptor-oss/llvm-slicer/cmake-build-debug/CMakeFiles/CMakeScratch/TryCompile-IpFpxQ

Run Build Command(s):/Applications/CLion.app/Contents/bin/ninja/mac/ninja cmTC_268f4 && [1/2] Building C object CMakeFiles/cmTC_268f4.dir/CheckFunctionExists.c.o
[2/2] Linking C executable cmTC_268f4



Determining if the function pthread_rwlock_init exists in the pthread passed with the following output:
Change Dir: /Users/rkrsn/workspace/raptor-oss/llvm-slicer/cmake-build-debug/CMakeFiles/CMakeScratch/TryCompile-hLM1Cv

Run Build Command(s):/Applications/CLion.app/Contents/bin/ninja/mac/ninja cmTC_027f3 && [1/2] Building C object CMakeFiles/cmTC_027f3.dir/CheckFunctionExists.c.o
[2/2] Linking C executable cmTC_027f3



Determining if the function pthread_mutex_lock exists in the pthread passed with the following output:
Change Dir: /Users/rkrsn/workspace/raptor-oss/llvm-slicer/cmake-build-debug/CMakeFiles/CMakeScratch/TryCompile-S7cFqq

Run Build Command(s):/Applications/CLion.app/Contents/bin/ninja/mac/ninja cmTC_225f5 && [1/2] Building C object CMakeFiles/cmTC_225f5.dir/CheckFunctionExists.c.o
[2/2] Linking C executable cmTC_225f5



Determining if the function dlopen exists in the dl passed with the following output:
Change Dir: /Users/rkrsn/workspace/raptor-oss/llvm-slicer/cmake-build-debug/CMakeFiles/CMakeScratch/TryCompile-P6lMmW

Run Build Command(s):/Applications/CLion.app/Contents/bin/ninja/mac/ninja cmTC_fa258 && [1/2] Building C object CMakeFiles/cmTC_fa258.dir/CheckFunctionExists.c.o
[2/2] Linking C executable cmTC_fa258



Performing C SOURCE FILE Test CMAKE_HAVE_LIBC_PTHREAD succeeded with the following output:
Change Dir: /Users/rkrsn/workspace/raptor-oss/llvm-slicer/cmake-build-debug/CMakeFiles/CMakeScratch/TryCompile-ABbQxH

Run Build Command(s):/Applications/CLion.app/Contents/bin/ninja/mac/ninja cmTC_8bebf && [1/2] Building C object CMakeFiles/cmTC_8bebf.dir/src.c.o
[2/2] Linking C executable cmTC_8bebf


Source file was:
#include <pthread.h>

static void* test_func(void* data)
{
  return data;
}

int main(void)
{
  pthread_t thread;
  pthread_create(&thread, NULL, test_func, NULL);
  pthread_detach(thread);
  pthread_cancel(thread);
  pthread_join(thread, NULL);
  pthread_atfork(NULL, NULL, NULL);
  pthread_exit(NULL);

  return 0;
}


Determining if the compress2 exist passed with the following output:
Change Dir: /Users/rkrsn/workspace/raptor-oss/llvm-slicer/cmake-build-debug/CMakeFiles/CMakeScratch/TryCompile-zBS3Wq

Run Build Command(s):/Applications/CLion.app/Contents/bin/ninja/mac/ninja cmTC_fc1bc && [1/2] Building C object CMakeFiles/cmTC_fc1bc.dir/CheckSymbolExists.c.o
[2/2] Linking C executable cmTC_fc1bc


File CheckSymbolExists.c:
/* */
#include <zlib.h>

int main(int argc, char** argv)
{
  (void)argv;
#ifndef compress2
  return ((int*)(&compress2))[argc];
#else
  (void)argc;
  return 0;
#endif
}

Determining if the xmlReadMemory exist passed with the following output:
Change Dir: /Users/rkrsn/workspace/raptor-oss/llvm-slicer/cmake-build-debug/CMakeFiles/CMakeScratch/TryCompile-zDX82C

Run Build Command(s):/Applications/CLion.app/Contents/bin/ninja/mac/ninja cmTC_d8623 && [1/2] Building C object CMakeFiles/cmTC_d8623.dir/CheckSymbolExists.c.o
[2/2] Linking C executable cmTC_d8623


File CheckSymbolExists.c:
/* */
#include <libxml/xmlreader.h>

int main(int argc, char** argv)
{
  (void)argv;
#ifndef xmlReadMemory
  return ((int*)(&xmlReadMemory))[argc];
#else
  (void)argc;
  return 0;
#endif
}

Determining if the function el_init exists in the edit passed with the following output:
Change Dir: /Users/rkrsn/workspace/raptor-oss/llvm-slicer/cmake-build-debug/CMakeFiles/CMakeScratch/TryCompile-B70RUO

Run Build Command(s):/Applications/CLion.app/Contents/bin/ninja/mac/ninja cmTC_892ec && [1/2] Building C object CMakeFiles/cmTC_892ec.dir/CheckFunctionExists.c.o
[2/2] Linking C executable cmTC_892ec



Determining if the function xar_open exists in the xar passed with the following output:
Change Dir: /Users/rkrsn/workspace/raptor-oss/llvm-slicer/cmake-build-debug/CMakeFiles/CMakeScratch/TryCompile-gObaaH

Run Build Command(s):/Applications/CLion.app/Contents/bin/ninja/mac/ninja cmTC_aa4a4 && [1/2] Building C object CMakeFiles/cmTC_aa4a4.dir/CheckFunctionExists.c.o
[2/2] Linking C executable cmTC_aa4a4



Determining if the arc4random exist passed with the following output:
Change Dir: /Users/rkrsn/workspace/raptor-oss/llvm-slicer/cmake-build-debug/CMakeFiles/CMakeScratch/TryCompile-8WDBY7

Run Build Command(s):/Applications/CLion.app/Contents/bin/ninja/mac/ninja cmTC_1df94 && [1/2] Building C object CMakeFiles/cmTC_1df94.dir/CheckSymbolExists.c.o
[2/2] Linking C executable cmTC_1df94


File CheckSymbolExists.c:
/* */
#include <stdlib.h>

int main(int argc, char** argv)
{
  (void)argv;
#ifndef arc4random
  return ((int*)(&arc4random))[argc];
#else
  (void)argc;
  return 0;
#endif
}

Determining if the backtrace exist passed with the following output:
Change Dir: /Users/rkrsn/workspace/raptor-oss/llvm-slicer/cmake-build-debug/CMakeFiles/CMakeScratch/TryCompile-MeGXQk

Run Build Command(s):/Applications/CLion.app/Contents/bin/ninja/mac/ninja cmTC_63777 && [1/2] Building C object CMakeFiles/cmTC_63777.dir/CheckSymbolExists.c.o
[2/2] Linking C executable cmTC_63777


File CheckSymbolExists.c:
/* */
#include <execinfo.h>

int main(int argc, char** argv)
{
  (void)argv;
#ifndef backtrace
  return ((int*)(&backtrace))[argc];
#else
  (void)argc;
  return 0;
#endif
}

Performing C SOURCE FILE Test C_SUPPORTS_WERROR_UNGUARDED_AVAILABILITY_NEW succeeded with the following output:
Change Dir: /Users/rkrsn/workspace/raptor-oss/llvm-slicer/cmake-build-debug/CMakeFiles/CMakeScratch/TryCompile-yIGpLs

Run Build Command(s):/Applications/CLion.app/Contents/bin/ninja/mac/ninja cmTC_b3889 && [1/2] Building C object CMakeFiles/cmTC_b3889.dir/src.c.o
[2/2] Linking C executable cmTC_b3889


Source file was:
int main(void) { return 0; }

Determining if the __register_frame exist passed with the following output:
Change Dir: /Users/rkrsn/workspace/raptor-oss/llvm-slicer/cmake-build-debug/CMakeFiles/CMakeScratch/TryCompile-vtAcEX

Run Build Command(s):/Applications/CLion.app/Contents/bin/ninja/mac/ninja cmTC_177e9 && [1/2] Building C object CMakeFiles/cmTC_177e9.dir/CheckSymbolExists.c.o
[2/2] Linking C executable cmTC_177e9


File CheckSymbolExists.c:
/* */
#include </Users/rkrsn/workspace/raptor-oss/llvm-slicer/cmake-build-debug/_deps/llvm-src/llvm/cmake/unwind.h>

int main(int argc, char** argv)
{
  (void)argv;
#ifndef __register_frame
  return ((int*)(&__register_frame))[argc];
#else
  (void)argc;
  return 0;
#endif
}

Determining if the __deregister_frame exist passed with the following output:
Change Dir: /Users/rkrsn/workspace/raptor-oss/llvm-slicer/cmake-build-debug/CMakeFiles/CMakeScratch/TryCompile-7EIe0A

Run Build Command(s):/Applications/CLion.app/Contents/bin/ninja/mac/ninja cmTC_cb58f && [1/2] Building C object CMakeFiles/cmTC_cb58f.dir/CheckSymbolExists.c.o
[2/2] Linking C executable cmTC_cb58f


File CheckSymbolExists.c:
/* */
#include </Users/rkrsn/workspace/raptor-oss/llvm-slicer/cmake-build-debug/_deps/llvm-src/llvm/cmake/unwind.h>

int main(int argc, char** argv)
{
  (void)argv;
#ifndef __deregister_frame
  return ((int*)(&__deregister_frame))[argc];
#else
  (void)argc;
  return 0;
#endif
}

Determining if the _Unwind_Backtrace exist passed with the following output:
Change Dir: /Users/rkrsn/workspace/raptor-oss/llvm-slicer/cmake-build-debug/CMakeFiles/CMakeScratch/TryCompile-eLrMqu

Run Build Command(s):/Applications/CLion.app/Contents/bin/ninja/mac/ninja cmTC_5af27 && [1/2] Building C object CMakeFiles/cmTC_5af27.dir/CheckSymbolExists.c.o
[2/2] Linking C executable cmTC_5af27


File CheckSymbolExists.c:
/* */
#include <unwind.h>

int main(int argc, char** argv)
{
  (void)argv;
#ifndef _Unwind_Backtrace
  return ((int*)(&_Unwind_Backtrace))[argc];
#else
  (void)argc;
  return 0;
#endif
}

Determining if the getpagesize exist passed with the following output:
Change Dir: /Users/rkrsn/workspace/raptor-oss/llvm-slicer/cmake-build-debug/CMakeFiles/CMakeScratch/TryCompile-Tjl6Bz

Run Build Command(s):/Applications/CLion.app/Contents/bin/ninja/mac/ninja cmTC_bb5ff && [1/2] Building C object CMakeFiles/cmTC_bb5ff.dir/CheckSymbolExists.c.o
[2/2] Linking C executable cmTC_bb5ff


File CheckSymbolExists.c:
/* */
#include <unistd.h>

int main(int argc, char** argv)
{
  (void)argv;
#ifndef getpagesize
  return ((int*)(&getpagesize))[argc];
#else
  (void)argc;
  return 0;
#endif
}

Determining if the sysconf exist passed with the following output:
Change Dir: /Users/rkrsn/workspace/raptor-oss/llvm-slicer/cmake-build-debug/CMakeFiles/CMakeScratch/TryCompile-EOJM57

Run Build Command(s):/Applications/CLion.app/Contents/bin/ninja/mac/ninja cmTC_4c9c2 && [1/2] Building C object CMakeFiles/cmTC_4c9c2.dir/CheckSymbolExists.c.o
[2/2] Linking C executable cmTC_4c9c2


File CheckSymbolExists.c:
/* */
#include <unistd.h>

int main(int argc, char** argv)
{
  (void)argv;
#ifndef sysconf
  return ((int*)(&sysconf))[argc];
#else
  (void)argc;
  return 0;
#endif
}

Determining if the getrusage exist passed with the following output:
Change Dir: /Users/rkrsn/workspace/raptor-oss/llvm-slicer/cmake-build-debug/CMakeFiles/CMakeScratch/TryCompile-nWZJxA

Run Build Command(s):/Applications/CLion.app/Contents/bin/ninja/mac/ninja cmTC_0cb3a && [1/2] Building C object CMakeFiles/cmTC_0cb3a.dir/CheckSymbolExists.c.o
[2/2] Linking C executable cmTC_0cb3a


File CheckSymbolExists.c:
/* */
#include <sys/resource.h>

int main(int argc, char** argv)
{
  (void)argv;
#ifndef getrusage
  return ((int*)(&getrusage))[argc];
#else
  (void)argc;
  return 0;
#endif
}

Determining if the setrlimit exist passed with the following output:
Change Dir: /Users/rkrsn/workspace/raptor-oss/llvm-slicer/cmake-build-debug/CMakeFiles/CMakeScratch/TryCompile-xxnlte

Run Build Command(s):/Applications/CLion.app/Contents/bin/ninja/mac/ninja cmTC_e6a9a && [1/2] Building C object CMakeFiles/cmTC_e6a9a.dir/CheckSymbolExists.c.o
[2/2] Linking C executable cmTC_e6a9a


File CheckSymbolExists.c:
/* */
#include <sys/resource.h>

int main(int argc, char** argv)
{
  (void)argv;
#ifndef setrlimit
  return ((int*)(&setrlimit))[argc];
#else
  (void)argc;
  return 0;
#endif
}

Determining if the isatty exist passed with the following output:
Change Dir: /Users/rkrsn/workspace/raptor-oss/llvm-slicer/cmake-build-debug/CMakeFiles/CMakeScratch/TryCompile-4Sd2Jh

Run Build Command(s):/Applications/CLion.app/Contents/bin/ninja/mac/ninja cmTC_5c892 && [1/2] Building C object CMakeFiles/cmTC_5c892.dir/CheckSymbolExists.c.o
[2/2] Linking C executable cmTC_5c892


File CheckSymbolExists.c:
/* */
#include <unistd.h>

int main(int argc, char** argv)
{
  (void)argv;
#ifndef isatty
  return ((int*)(&isatty))[argc];
#else
  (void)argc;
  return 0;
#endif
}

Determining if the futimens exist passed with the following output:
Change Dir: /Users/rkrsn/workspace/raptor-oss/llvm-slicer/cmake-build-debug/CMakeFiles/CMakeScratch/TryCompile-mul8oJ

Run Build Command(s):/Applications/CLion.app/Contents/bin/ninja/mac/ninja cmTC_db3cc && [1/2] Building C object CMakeFiles/cmTC_db3cc.dir/CheckSymbolExists.c.o
[2/2] Linking C executable cmTC_db3cc


File CheckSymbolExists.c:
/* */
#include <sys/stat.h>

int main(int argc, char** argv)
{
  (void)argv;
#ifndef futimens
  return ((int*)(&futimens))[argc];
#else
  (void)argc;
  return 0;
#endif
}

Determining if the futimes exist passed with the following output:
Change Dir: /Users/rkrsn/workspace/raptor-oss/llvm-slicer/cmake-build-debug/CMakeFiles/CMakeScratch/TryCompile-tNjgCJ

Run Build Command(s):/Applications/CLion.app/Contents/bin/ninja/mac/ninja cmTC_a856a && [1/2] Building C object CMakeFiles/cmTC_a856a.dir/CheckSymbolExists.c.o
[2/2] Linking C executable cmTC_a856a


File CheckSymbolExists.c:
/* */
#include <sys/time.h>

int main(int argc, char** argv)
{
  (void)argv;
#ifndef futimes
  return ((int*)(&futimes))[argc];
#else
  (void)argc;
  return 0;
#endif
}

Determining if the malloc_zone_statistics exist passed with the following output:
Change Dir: /Users/rkrsn/workspace/raptor-oss/llvm-slicer/cmake-build-debug/CMakeFiles/CMakeScratch/TryCompile-x5F3aZ

Run Build Command(s):/Applications/CLion.app/Contents/bin/ninja/mac/ninja cmTC_e2926 && [1/2] Building C object CMakeFiles/cmTC_e2926.dir/CheckSymbolExists.c.o
[2/2] Linking C executable cmTC_e2926


File CheckSymbolExists.c:
/* */
#include <malloc/malloc.h>

int main(int argc, char** argv)
{
  (void)argv;
#ifndef malloc_zone_statistics
  return ((int*)(&malloc_zone_statistics))[argc];
#else
  (void)argc;
  return 0;
#endif
}

Determining if the getrlimit exist passed with the following output:
Change Dir: /Users/rkrsn/workspace/raptor-oss/llvm-slicer/cmake-build-debug/CMakeFiles/CMakeScratch/TryCompile-fAPYOb

Run Build Command(s):/Applications/CLion.app/Contents/bin/ninja/mac/ninja cmTC_5e0b0 && [1/2] Building C object CMakeFiles/cmTC_5e0b0.dir/CheckSymbolExists.c.o
[2/2] Linking C executable cmTC_5e0b0


File CheckSymbolExists.c:
/* */
#include <sys/types.h>
#include <sys/time.h>
#include <sys/resource.h>

int main(int argc, char** argv)
{
  (void)argv;
#ifndef getrlimit
  return ((int*)(&getrlimit))[argc];
#else
  (void)argc;
  return 0;
#endif
}

Determining if the posix_spawn exist passed with the following output:
Change Dir: /Users/rkrsn/workspace/raptor-oss/llvm-slicer/cmake-build-debug/CMakeFiles/CMakeScratch/TryCompile-UOZoT2

Run Build Command(s):/Applications/CLion.app/Contents/bin/ninja/mac/ninja cmTC_68ac0 && [1/2] Building C object CMakeFiles/cmTC_68ac0.dir/CheckSymbolExists.c.o
[2/2] Linking C executable cmTC_68ac0


File CheckSymbolExists.c:
/* */
#include <spawn.h>

int main(int argc, char** argv)
{
  (void)argv;
#ifndef posix_spawn
  return ((int*)(&posix_spawn))[argc];
#else
  (void)argc;
  return 0;
#endif
}

Determining if the pread exist passed with the following output:
Change Dir: /Users/rkrsn/workspace/raptor-oss/llvm-slicer/cmake-build-debug/CMakeFiles/CMakeScratch/TryCompile-73Qkel

Run Build Command(s):/Applications/CLion.app/Contents/bin/ninja/mac/ninja cmTC_8fc5b && [1/2] Building C object CMakeFiles/cmTC_8fc5b.dir/CheckSymbolExists.c.o
[2/2] Linking C executable cmTC_8fc5b


File CheckSymbolExists.c:
/* */
#include <unistd.h>

int main(int argc, char** argv)
{
  (void)argv;
#ifndef pread
  return ((int*)(&pread))[argc];
#else
  (void)argc;
  return 0;
#endif
}

Determining if the sbrk exist passed with the following output:
Change Dir: /Users/rkrsn/workspace/raptor-oss/llvm-slicer/cmake-build-debug/CMakeFiles/CMakeScratch/TryCompile-NthEqU

Run Build Command(s):/Applications/CLion.app/Contents/bin/ninja/mac/ninja cmTC_253a1 && [1/2] Building C object CMakeFiles/cmTC_253a1.dir/CheckSymbolExists.c.o
/Users/rkrsn/workspace/raptor-oss/llvm-slicer/cmake-build-debug/CMakeFiles/CMakeScratch/TryCompile-NthEqU/CheckSymbolExists.c:8:19: warning: 'sbrk' is deprecated [-Wdeprecated-declarations]
  return ((int*)(&sbrk))[argc];
                  ^
/Library/Developer/CommandLineTools/SDKs/MacOSX13.3.sdk/usr/include/unistd.h:582:1: note: 'sbrk' has been explicitly marked deprecated here
__deprecated __WATCHOS_PROHIBITED __TVOS_PROHIBITED
^
/Library/Developer/CommandLineTools/SDKs/MacOSX13.3.sdk/usr/include/sys/cdefs.h:211:40: note: expanded from macro '__deprecated'
#define __deprecated    __attribute__((__deprecated__))
                                       ^
1 warning generated.
[2/2] Linking C executable cmTC_253a1


File CheckSymbolExists.c:
/* */
#include <unistd.h>

int main(int argc, char** argv)
{
  (void)argv;
#ifndef sbrk
  return ((int*)(&sbrk))[argc];
#else
  (void)argc;
  return 0;
#endif
}

Determining if the strerror exist passed with the following output:
Change Dir: /Users/rkrsn/workspace/raptor-oss/llvm-slicer/cmake-build-debug/CMakeFiles/CMakeScratch/TryCompile-r9YNHt

Run Build Command(s):/Applications/CLion.app/Contents/bin/ninja/mac/ninja cmTC_7a1be && [1/2] Building C object CMakeFiles/cmTC_7a1be.dir/CheckSymbolExists.c.o
[2/2] Linking C executable cmTC_7a1be


File CheckSymbolExists.c:
/* */
#include <string.h>

int main(int argc, char** argv)
{
  (void)argv;
#ifndef strerror
  return ((int*)(&strerror))[argc];
#else
  (void)argc;
  return 0;
#endif
}

Determining if the strerror_r exist passed with the following output:
Change Dir: /Users/rkrsn/workspace/raptor-oss/llvm-slicer/cmake-build-debug/CMakeFiles/CMakeScratch/TryCompile-ySCn0y

Run Build Command(s):/Applications/CLion.app/Contents/bin/ninja/mac/ninja cmTC_dd9be && [1/2] Building C object CMakeFiles/cmTC_dd9be.dir/CheckSymbolExists.c.o
[2/2] Linking C executable cmTC_dd9be


File CheckSymbolExists.c:
/* */
#include <string.h>

int main(int argc, char** argv)
{
  (void)argv;
#ifndef strerror_r
  return ((int*)(&strerror_r))[argc];
#else
  (void)argc;
  return 0;
#endif
}

Determining if the setenv exist passed with the following output:
Change Dir: /Users/rkrsn/workspace/raptor-oss/llvm-slicer/cmake-build-debug/CMakeFiles/CMakeScratch/TryCompile-z0daEq

Run Build Command(s):/Applications/CLion.app/Contents/bin/ninja/mac/ninja cmTC_3dfa1 && [1/2] Building C object CMakeFiles/cmTC_3dfa1.dir/CheckSymbolExists.c.o
[2/2] Linking C executable cmTC_3dfa1


File CheckSymbolExists.c:
/* */
#include <stdlib.h>

int main(int argc, char** argv)
{
  (void)argv;
#ifndef setenv
  return ((int*)(&setenv))[argc];
#else
  (void)argc;
  return 0;
#endif
}

Determining if the dlopen exist passed with the following output:
Change Dir: /Users/rkrsn/workspace/raptor-oss/llvm-slicer/cmake-build-debug/CMakeFiles/CMakeScratch/TryCompile-iDhjno

Run Build Command(s):/Applications/CLion.app/Contents/bin/ninja/mac/ninja cmTC_4ed2a && [1/2] Building C object CMakeFiles/cmTC_4ed2a.dir/CheckSymbolExists.c.o
[2/2] Linking C executable cmTC_4ed2a


File CheckSymbolExists.c:
/* */
#include <dlfcn.h>

int main(int argc, char** argv)
{
  (void)argv;
#ifndef dlopen
  return ((int*)(&dlopen))[argc];
#else
  (void)argc;
  return 0;
#endif
}

Determining if the dladdr exist passed with the following output:
Change Dir: /Users/rkrsn/workspace/raptor-oss/llvm-slicer/cmake-build-debug/CMakeFiles/CMakeScratch/TryCompile-IHxIYX

Run Build Command(s):/Applications/CLion.app/Contents/bin/ninja/mac/ninja cmTC_d227b && [1/2] Building C object CMakeFiles/cmTC_d227b.dir/CheckSymbolExists.c.o
[2/2] Linking C executable cmTC_d227b


File CheckSymbolExists.c:
/* */
#include <dlfcn.h>

int main(int argc, char** argv)
{
  (void)argv;
#ifndef dladdr
  return ((int*)(&dladdr))[argc];
#else
  (void)argc;
  return 0;
#endif
}

Performing C SOURCE FILE Test HAVE_STRUCT_STAT_ST_MTIMESPEC_TV_NSEC succeeded with the following output:
Change Dir: /Users/rkrsn/workspace/raptor-oss/llvm-slicer/cmake-build-debug/CMakeFiles/CMakeScratch/TryCompile-BrqSQ1

Run Build Command(s):/Applications/CLion.app/Contents/bin/ninja/mac/ninja cmTC_0d391 && [1/2] Building C object CMakeFiles/cmTC_0d391.dir/src.c.o
[2/2] Linking C executable cmTC_0d391


Source file was:

#include <sys/types.h>
#include <sys/stat.h>

int main()
{
  (void)sizeof(((struct stat *)0)->st_mtimespec.tv_nsec);
  return 0;
}


Determining if the pthread_getname_np exist passed with the following output:
Change Dir: /Users/rkrsn/workspace/raptor-oss/llvm-slicer/cmake-build-debug/CMakeFiles/CMakeScratch/TryCompile-W2tSSs

Run Build Command(s):/Applications/CLion.app/Contents/bin/ninja/mac/ninja cmTC_aa627 && [1/2] Building C object CMakeFiles/cmTC_aa627.dir/CheckSymbolExists.c.o
[2/2] Linking C executable cmTC_aa627


File CheckSymbolExists.c:
/* */
#include <pthread.h>

int main(int argc, char** argv)
{
  (void)argv;
#ifndef pthread_getname_np
  return ((int*)(&pthread_getname_np))[argc];
#else
  (void)argc;
  return 0;
#endif
}

Determining if the pthread_setname_np exist passed with the following output:
Change Dir: /Users/rkrsn/workspace/raptor-oss/llvm-slicer/cmake-build-debug/CMakeFiles/CMakeScratch/TryCompile-k8X49y

Run Build Command(s):/Applications/CLion.app/Contents/bin/ninja/mac/ninja cmTC_c8f49 && [1/2] Building C object CMakeFiles/cmTC_c8f49.dir/CheckSymbolExists.c.o
[2/2] Linking C executable cmTC_c8f49


File CheckSymbolExists.c:
/* */
#include <pthread.h>

int main(int argc, char** argv)
{
  (void)argv;
#ifndef pthread_setname_np
  return ((int*)(&pthread_setname_np))[argc];
#else
  (void)argc;
  return 0;
#endif
}

Determining if the proc_pid_rusage exist passed with the following output:
Change Dir: /Users/rkrsn/workspace/raptor-oss/llvm-slicer/cmake-build-debug/CMakeFiles/CMakeScratch/TryCompile-CJItFQ

Run Build Command(s):/Applications/CLion.app/Contents/bin/ninja/mac/ninja cmTC_aa51f && [1/2] Building C object CMakeFiles/cmTC_aa51f.dir/CheckSymbolExists.c.o
[2/2] Linking C executable cmTC_aa51f


File CheckSymbolExists.c:
/* */
#include <libproc.h>

int main(int argc, char** argv)
{
  (void)argv;
#ifndef proc_pid_rusage
  return ((int*)(&proc_pid_rusage))[argc];
#else
  (void)argc;
  return 0;
#endif
}

Performing C++ SOURCE FILE Test HAVE_STD_IS_TRIVIALLY_COPYABLE succeeded with the following output:
Change Dir: /Users/rkrsn/workspace/raptor-oss/llvm-slicer/cmake-build-debug/CMakeFiles/CMakeScratch/TryCompile-UYxIuG

Run Build Command(s):/Applications/CLion.app/Contents/bin/ninja/mac/ninja cmTC_bd8e6 && [1/2] Building CXX object CMakeFiles/cmTC_bd8e6.dir/src.cxx.o
[2/2] Linking CXX executable cmTC_bd8e6


Source file was:

#include <type_traits>
struct T { int val; };
static_assert(std::is_trivially_copyable<T>::value, "ok");
int main() { return 0;}


Performing C++ SOURCE FILE Test HAVE_CXX_ATOMICS_WITHOUT_LIB succeeded with the following output:
Change Dir: /Users/rkrsn/workspace/raptor-oss/llvm-slicer/cmake-build-debug/CMakeFiles/CMakeScratch/TryCompile-zXoUDF

Run Build Command(s):/Applications/CLion.app/Contents/bin/ninja/mac/ninja cmTC_b38b1 && [1/2] Building CXX object CMakeFiles/cmTC_b38b1.dir/src.cxx.o
[2/2] Linking CXX executable cmTC_b38b1


Source file was:

#include <atomic>
std::atomic<int> x;
std::atomic<short> y;
std::atomic<char> z;
int main() {
  ++z;
  ++y;
  return ++x;
}


Performing C++ SOURCE FILE Test HAVE_CXX_ATOMICS64_WITHOUT_LIB succeeded with the following output:
Change Dir: /Users/rkrsn/workspace/raptor-oss/llvm-slicer/cmake-build-debug/CMakeFiles/CMakeScratch/TryCompile-pGllh7

Run Build Command(s):/Applications/CLion.app/Contents/bin/ninja/mac/ninja cmTC_78d4a && [1/2] Building CXX object CMakeFiles/cmTC_78d4a.dir/src.cxx.o
[2/2] Linking CXX executable cmTC_78d4a


Source file was:

#include <atomic>
#include <cstdint>
std::atomic<uint64_t> x (0);
int main() {
  uint64_t i = x.load(std::memory_order_relaxed);
  (void)i;
  return 0;
}


Performing C++ SOURCE FILE Test LLVM_HAS_ATOMICS succeeded with the following output:
Change Dir: /Users/rkrsn/workspace/raptor-oss/llvm-slicer/cmake-build-debug/CMakeFiles/CMakeScratch/TryCompile-Ja8qQ4

Run Build Command(s):/Applications/CLion.app/Contents/bin/ninja/mac/ninja cmTC_ebc05 && [1/2] Building CXX object CMakeFiles/cmTC_ebc05.dir/src.cxx.o
[2/2] Linking CXX executable cmTC_ebc05


Source file was:

#ifdef _MSC_VER
#include <windows.h>
#endif
int main() {
#ifdef _MSC_VER
        volatile LONG val = 1;
        MemoryBarrier();
        InterlockedCompareExchange(&val, 0, 1);
        InterlockedIncrement(&val);
        InterlockedDecrement(&val);
#else
        volatile unsigned long val = 1;
        __sync_synchronize();
        __sync_val_compare_and_swap(&val, 1, 0);
        __sync_add_and_fetch(&val, 1);
        __sync_sub_and_fetch(&val, 1);
#endif
        return 0;
      }


Performing C++ SOURCE FILE Test SUPPORTS_VARIADIC_MACROS_FLAG succeeded with the following output:
Change Dir: /Users/rkrsn/workspace/raptor-oss/llvm-slicer/cmake-build-debug/CMakeFiles/CMakeScratch/TryCompile-CyE6IU

Run Build Command(s):/Applications/CLion.app/Contents/bin/ninja/mac/ninja cmTC_f8aef && [1/2] Building CXX object CMakeFiles/cmTC_f8aef.dir/src.cxx.o
[2/2] Linking CXX executable cmTC_f8aef


Source file was:
int main() { return 0; }

Performing C++ SOURCE FILE Test SUPPORTS_GNU_ZERO_VARIADIC_MACRO_ARGUMENTS_FLAG succeeded with the following output:
Change Dir: /Users/rkrsn/workspace/raptor-oss/llvm-slicer/cmake-build-debug/CMakeFiles/CMakeScratch/TryCompile-s0bkQk

Run Build Command(s):/Applications/CLion.app/Contents/bin/ninja/mac/ninja cmTC_ffa58 && [1/2] Building CXX object CMakeFiles/cmTC_ffa58.dir/src.cxx.o
[2/2] Linking CXX executable cmTC_ffa58


Source file was:
int main() { return 0; }

Performing C SOURCE FILE Test C_SUPPORTS_FPIC succeeded with the following output:
Change Dir: /Users/rkrsn/workspace/raptor-oss/llvm-slicer/cmake-build-debug/CMakeFiles/CMakeScratch/TryCompile-hsd9H9

Run Build Command(s):/Applications/CLion.app/Contents/bin/ninja/mac/ninja cmTC_cc007 && [1/2] Building C object CMakeFiles/cmTC_cc007.dir/src.c.o
[2/2] Linking C executable cmTC_cc007


Source file was:
int main(void) { return 0; }

Performing C++ SOURCE FILE Test CXX_SUPPORTS_FPIC succeeded with the following output:
Change Dir: /Users/rkrsn/workspace/raptor-oss/llvm-slicer/cmake-build-debug/CMakeFiles/CMakeScratch/TryCompile-vyDYZ2

Run Build Command(s):/Applications/CLion.app/Contents/bin/ninja/mac/ninja cmTC_e3ce5 && [1/2] Building CXX object CMakeFiles/cmTC_e3ce5.dir/src.cxx.o
[2/2] Linking CXX executable cmTC_e3ce5


Source file was:
int main() { return 0; }

Performing C++ SOURCE FILE Test SUPPORTS_FVISIBILITY_INLINES_HIDDEN_FLAG succeeded with the following output:
Change Dir: /Users/rkrsn/workspace/raptor-oss/llvm-slicer/cmake-build-debug/CMakeFiles/CMakeScratch/TryCompile-AEcchC

Run Build Command(s):/Applications/CLion.app/Contents/bin/ninja/mac/ninja cmTC_abf2a && [1/2] Building CXX object CMakeFiles/cmTC_abf2a.dir/src.cxx.o
[2/2] Linking CXX executable cmTC_abf2a


Source file was:
int main() { return 0; }

Performing C SOURCE FILE Test C_SUPPORTS_WERROR_DATE_TIME succeeded with the following output:
Change Dir: /Users/rkrsn/workspace/raptor-oss/llvm-slicer/cmake-build-debug/CMakeFiles/CMakeScratch/TryCompile-f6QP6q

Run Build Command(s):/Applications/CLion.app/Contents/bin/ninja/mac/ninja cmTC_c61aa && [1/2] Building C object CMakeFiles/cmTC_c61aa.dir/src.c.o
[2/2] Linking C executable cmTC_c61aa


Source file was:
int main(void) { return 0; }

Performing C++ SOURCE FILE Test CXX_SUPPORTS_WERROR_DATE_TIME succeeded with the following output:
Change Dir: /Users/rkrsn/workspace/raptor-oss/llvm-slicer/cmake-build-debug/CMakeFiles/CMakeScratch/TryCompile-Bu05UE

Run Build Command(s):/Applications/CLion.app/Contents/bin/ninja/mac/ninja cmTC_15fcb && [1/2] Building CXX object CMakeFiles/cmTC_15fcb.dir/src.cxx.o
[2/2] Linking CXX executable cmTC_15fcb


Source file was:
int main() { return 0; }

Performing C++ SOURCE FILE Test CXX_SUPPORTS_WERROR_UNGUARDED_AVAILABILITY_NEW succeeded with the following output:
Change Dir: /Users/rkrsn/workspace/raptor-oss/llvm-slicer/cmake-build-debug/CMakeFiles/CMakeScratch/TryCompile-O9Pf1F

Run Build Command(s):/Applications/CLion.app/Contents/bin/ninja/mac/ninja cmTC_a9328 && [1/2] Building CXX object CMakeFiles/cmTC_a9328.dir/src.cxx.o
[2/2] Linking CXX executable cmTC_a9328


Source file was:
int main() { return 0; }

Performing C++ SOURCE FILE Test CXX_SUPPORTS_MISSING_FIELD_INITIALIZERS_FLAG succeeded with the following output:
Change Dir: /Users/rkrsn/workspace/raptor-oss/llvm-slicer/cmake-build-debug/CMakeFiles/CMakeScratch/TryCompile-hkM8Zy

Run Build Command(s):/Applications/CLion.app/Contents/bin/ninja/mac/ninja cmTC_5eb4d && [1/2] Building CXX object CMakeFiles/cmTC_5eb4d.dir/src.cxx.o
[2/2] Linking CXX executable cmTC_5eb4d


Source file was:
int main() { return 0; }

Performing C SOURCE FILE Test C_SUPPORTS_CXX98_COMPAT_EXTRA_SEMI_FLAG succeeded with the following output:
Change Dir: /Users/rkrsn/workspace/raptor-oss/llvm-slicer/cmake-build-debug/CMakeFiles/CMakeScratch/TryCompile-0GGlST

Run Build Command(s):/Applications/CLion.app/Contents/bin/ninja/mac/ninja cmTC_8b2bd && [1/2] Building C object CMakeFiles/cmTC_8b2bd.dir/src.c.o
[2/2] Linking C executable cmTC_8b2bd


Source file was:
int main(void) { return 0; }

Performing C++ SOURCE FILE Test CXX_SUPPORTS_CXX98_COMPAT_EXTRA_SEMI_FLAG succeeded with the following output:
Change Dir: /Users/rkrsn/workspace/raptor-oss/llvm-slicer/cmake-build-debug/CMakeFiles/CMakeScratch/TryCompile-ZAahqv

Run Build Command(s):/Applications/CLion.app/Contents/bin/ninja/mac/ninja cmTC_3d375 && [1/2] Building CXX object CMakeFiles/cmTC_3d375.dir/src.cxx.o
[2/2] Linking CXX executable cmTC_3d375


Source file was:
int main() { return 0; }

Performing C SOURCE FILE Test C_SUPPORTS_IMPLICIT_FALLTHROUGH_FLAG succeeded with the following output:
Change Dir: /Users/rkrsn/workspace/raptor-oss/llvm-slicer/cmake-build-debug/CMakeFiles/CMakeScratch/TryCompile-qpYhkQ

Run Build Command(s):/Applications/CLion.app/Contents/bin/ninja/mac/ninja cmTC_84acf && [1/2] Building C object CMakeFiles/cmTC_84acf.dir/src.c.o
[2/2] Linking C executable cmTC_84acf


Source file was:
int main(void) { return 0; }

Performing C++ SOURCE FILE Test CXX_SUPPORTS_IMPLICIT_FALLTHROUGH_FLAG succeeded with the following output:
Change Dir: /Users/rkrsn/workspace/raptor-oss/llvm-slicer/cmake-build-debug/CMakeFiles/CMakeScratch/TryCompile-PsICd6

Run Build Command(s):/Applications/CLion.app/Contents/bin/ninja/mac/ninja cmTC_53cb8 && [1/2] Building CXX object CMakeFiles/cmTC_53cb8.dir/src.cxx.o
[2/2] Linking CXX executable cmTC_53cb8


Source file was:
int main() { return 0; }

Performing C SOURCE FILE Test C_SUPPORTS_COVERED_SWITCH_DEFAULT_FLAG succeeded with the following output:
Change Dir: /Users/rkrsn/workspace/raptor-oss/llvm-slicer/cmake-build-debug/CMakeFiles/CMakeScratch/TryCompile-m9tNEn

Run Build Command(s):/Applications/CLion.app/Contents/bin/ninja/mac/ninja cmTC_d3a4c && [1/2] Building C object CMakeFiles/cmTC_d3a4c.dir/src.c.o
[2/2] Linking C executable cmTC_d3a4c


Source file was:
int main(void) { return 0; }

Performing C++ SOURCE FILE Test CXX_SUPPORTS_COVERED_SWITCH_DEFAULT_FLAG succeeded with the following output:
Change Dir: /Users/rkrsn/workspace/raptor-oss/llvm-slicer/cmake-build-debug/CMakeFiles/CMakeScratch/TryCompile-0Od2aN

Run Build Command(s):/Applications/CLion.app/Contents/bin/ninja/mac/ninja cmTC_3a53e && [1/2] Building CXX object CMakeFiles/cmTC_3a53e.dir/src.cxx.o
[2/2] Linking CXX executable cmTC_3a53e


Source file was:
int main() { return 0; }

Performing C++ SOURCE FILE Test CXX_SUPPORTS_NOEXCEPT_TYPE_FLAG succeeded with the following output:
Change Dir: /Users/rkrsn/workspace/raptor-oss/llvm-slicer/cmake-build-debug/CMakeFiles/CMakeScratch/TryCompile-RQwDno

Run Build Command(s):/Applications/CLion.app/Contents/bin/ninja/mac/ninja cmTC_1ecaf && [1/2] Building CXX object CMakeFiles/cmTC_1ecaf.dir/src.cxx.o
[2/2] Linking CXX executable cmTC_1ecaf


Source file was:
int main() { return 0; }

Performing C++ SOURCE FILE Test CXX_WONT_WARN_ON_FINAL_NONVIRTUALDTOR succeeded with the following output:
Change Dir: /Users/rkrsn/workspace/raptor-oss/llvm-slicer/cmake-build-debug/CMakeFiles/CMakeScratch/TryCompile-rhdHBP

Run Build Command(s):/Applications/CLion.app/Contents/bin/ninja/mac/ninja cmTC_0ea6f && [1/2] Building CXX object CMakeFiles/cmTC_0ea6f.dir/src.cxx.o
[2/2] Linking CXX executable cmTC_0ea6f


Source file was:
class base {public: virtual void anchor();protected: ~base();};
                               class derived final : public base { public: ~derived();};
                               int main() { return 0; }

Performing C SOURCE FILE Test C_SUPPORTS_DELETE_NON_VIRTUAL_DTOR_FLAG succeeded with the following output:
Change Dir: /Users/rkrsn/workspace/raptor-oss/llvm-slicer/cmake-build-debug/CMakeFiles/CMakeScratch/TryCompile-VLh10Z

Run Build Command(s):/Applications/CLion.app/Contents/bin/ninja/mac/ninja cmTC_21416 && [1/2] Building C object CMakeFiles/cmTC_21416.dir/src.c.o
[2/2] Linking C executable cmTC_21416


Source file was:
int main(void) { return 0; }

Performing C++ SOURCE FILE Test CXX_SUPPORTS_DELETE_NON_VIRTUAL_DTOR_FLAG succeeded with the following output:
Change Dir: /Users/rkrsn/workspace/raptor-oss/llvm-slicer/cmake-build-debug/CMakeFiles/CMakeScratch/TryCompile-S0cv4b

Run Build Command(s):/Applications/CLion.app/Contents/bin/ninja/mac/ninja cmTC_d6529 && [1/2] Building CXX object CMakeFiles/cmTC_d6529.dir/src.cxx.o
[2/2] Linking CXX executable cmTC_d6529


Source file was:
int main() { return 0; }

Performing C++ SOURCE FILE Test CXX_SUPPORTS_SUGGEST_OVERRIDE_FLAG succeeded with the following output:
Change Dir: /Users/rkrsn/workspace/raptor-oss/llvm-slicer/cmake-build-debug/CMakeFiles/CMakeScratch/TryCompile-VQf5KY

Run Build Command(s):/Applications/CLion.app/Contents/bin/ninja/mac/ninja cmTC_e41a2 && [1/2] Building CXX object CMakeFiles/cmTC_e41a2.dir/src.cxx.o
[2/2] Linking CXX executable cmTC_e41a2


Source file was:
int main() { return 0; }

Performing C++ SOURCE FILE Test CXX_WSUGGEST_OVERRIDE_ALLOWS_ONLY_FINAL succeeded with the following output:
Change Dir: /Users/rkrsn/workspace/raptor-oss/llvm-slicer/cmake-build-debug/CMakeFiles/CMakeScratch/TryCompile-MO5D9s

Run Build Command(s):/Applications/CLion.app/Contents/bin/ninja/mac/ninja cmTC_75a91 && [1/2] Building CXX object CMakeFiles/cmTC_75a91.dir/src.cxx.o
/Users/rkrsn/workspace/raptor-oss/llvm-slicer/cmake-build-debug/CMakeFiles/CMakeScratch/TryCompile-MO5D9s/src.cxx:1:7: warning: 'base' has virtual functions but non-virtual destructor [-Wnon-virtual-dtor]
class base {public: virtual void anchor();};
      ^
/Users/rkrsn/workspace/raptor-oss/llvm-slicer/cmake-build-debug/CMakeFiles/CMakeScratch/TryCompile-MO5D9s/src.cxx:2:38: warning: 'derived' has virtual functions but non-virtual destructor [-Wnon-virtual-dtor]
                               class derived : base {public: void anchor() final;};
                                     ^
2 warnings generated.
[2/2] Linking CXX executable cmTC_75a91


Source file was:
class base {public: virtual void anchor();};
                               class derived : base {public: void anchor() final;};
                               int main() { return 0; }

Performing C SOURCE FILE Test C_SUPPORTS_STRING_CONVERSION_FLAG succeeded with the following output:
Change Dir: /Users/rkrsn/workspace/raptor-oss/llvm-slicer/cmake-build-debug/CMakeFiles/CMakeScratch/TryCompile-GGtJOe

Run Build Command(s):/Applications/CLion.app/Contents/bin/ninja/mac/ninja cmTC_fb4d6 && [1/2] Building C object CMakeFiles/cmTC_fb4d6.dir/src.c.o
[2/2] Linking C executable cmTC_fb4d6


Source file was:
int main(void) { return 0; }

Performing C++ SOURCE FILE Test CXX_SUPPORTS_STRING_CONVERSION_FLAG succeeded with the following output:
Change Dir: /Users/rkrsn/workspace/raptor-oss/llvm-slicer/cmake-build-debug/CMakeFiles/CMakeScratch/TryCompile-vcg1Xt

Run Build Command(s):/Applications/CLion.app/Contents/bin/ninja/mac/ninja cmTC_dfc24 && [1/2] Building CXX object CMakeFiles/cmTC_dfc24.dir/src.cxx.o
[2/2] Linking CXX executable cmTC_dfc24


Source file was:
int main() { return 0; }

Performing C SOURCE FILE Test C_SUPPORTS_MISLEADING_INDENTATION_FLAG succeeded with the following output:
Change Dir: /Users/rkrsn/workspace/raptor-oss/llvm-slicer/cmake-build-debug/CMakeFiles/CMakeScratch/TryCompile-Op0Ifo

Run Build Command(s):/Applications/CLion.app/Contents/bin/ninja/mac/ninja cmTC_331da && [1/2] Building C object CMakeFiles/cmTC_331da.dir/src.c.o
[2/2] Linking C executable cmTC_331da


Source file was:
int main(void) { return 0; }

Performing C++ SOURCE FILE Test CXX_SUPPORTS_MISLEADING_INDENTATION_FLAG succeeded with the following output:
Change Dir: /Users/rkrsn/workspace/raptor-oss/llvm-slicer/cmake-build-debug/CMakeFiles/CMakeScratch/TryCompile-HKrfkD

Run Build Command(s):/Applications/CLion.app/Contents/bin/ninja/mac/ninja cmTC_207be && [1/2] Building CXX object CMakeFiles/cmTC_207be.dir/src.cxx.o
[2/2] Linking CXX executable cmTC_207be


Source file was:
int main() { return 0; }

Determining if the os_signpost_interval_begin exist passed with the following output:
Change Dir: /Users/rkrsn/workspace/raptor-oss/llvm-slicer/cmake-build-debug/CMakeFiles/CMakeScratch/TryCompile-hC03xe

Run Build Command(s):/Applications/CLion.app/Contents/bin/ninja/mac/ninja cmTC_ce496 && [1/2] Building C object CMakeFiles/cmTC_ce496.dir/CheckSymbolExists.c.o
[2/2] Linking C executable cmTC_ce496


File CheckSymbolExists.c:
/* */
#include <os/signpost.h>

int main(int argc, char** argv)
{
  (void)argv;
#ifndef os_signpost_interval_begin
  return ((int*)(&os_signpost_interval_begin))[argc];
#else
  (void)argc;
  return 0;
#endif
}

Performing C++ SOURCE FILE Test macos_signposts_usable succeeded with the following output:
Change Dir: /Users/rkrsn/workspace/raptor-oss/llvm-slicer/cmake-build-debug/CMakeFiles/CMakeScratch/TryCompile-Qa74EZ

Run Build Command(s):/Applications/CLion.app/Contents/bin/ninja/mac/ninja cmTC_9a741 && [1/2] Building CXX object CMakeFiles/cmTC_9a741.dir/src.cxx.o
[2/2] Linking CXX executable cmTC_9a741


Source file was:
#include <os/signpost.h>
    int main() { os_signpost_interval_begin(nullptr, 0, "", ""); return 0; }

Performing C++ SOURCE FILE Test HAS_WERROR_GLOBAL_CTORS succeeded with the following output:
Change Dir: /Users/rkrsn/workspace/raptor-oss/llvm-slicer/cmake-build-debug/CMakeFiles/CMakeScratch/TryCompile-tHQODa

Run Build Command(s):/Applications/CLion.app/Contents/bin/ninja/mac/ninja cmTC_94b13 && [1/2] Building CXX object CMakeFiles/cmTC_94b13.dir/src.cxx.o
[2/2] Linking CXX executable cmTC_94b13


Source file was:
int main() { return 0; }

Determining if the include file sys/resource.h exists passed with the following output:
Change Dir: /Users/rkrsn/workspace/raptor-oss/llvm-slicer/cmake-build-debug/CMakeFiles/CMakeScratch/TryCompile-qO2oOP

Run Build Command(s):/Applications/CLion.app/Contents/bin/ninja/mac/ninja cmTC_17a68 && [1/2] Building C object CMakeFiles/cmTC_17a68.dir/CheckIncludeFile.c.o
[2/2] Linking C executable cmTC_17a68



Performing C++ SOURCE FILE Test CXX_SUPPORTS_NO_NESTED_ANON_TYPES_FLAG succeeded with the following output:
Change Dir: /Users/rkrsn/workspace/raptor-oss/llvm-slicer/cmake-build-debug/CMakeFiles/CMakeScratch/TryCompile-wwcxav

Run Build Command(s):/Applications/CLion.app/Contents/bin/ninja/mac/ninja cmTC_e0826 && [1/2] Building CXX object CMakeFiles/cmTC_e0826.dir/src.cxx.o
[2/2] Linking CXX executable cmTC_e0826


Source file was:
int main() { return 0; }

Determining if files CoreServices/CoreServices.h exist passed with the following output:
Change Dir: /Users/rkrsn/workspace/raptor-oss/llvm-slicer/cmake-build-debug/CMakeFiles/CMakeScratch/TryCompile-DW8wD4

Run Build Command(s):/Applications/CLion.app/Contents/bin/ninja/mac/ninja cmTC_d3fb2 && [1/2] Building C object CMakeFiles/cmTC_d3fb2.dir/HAVE_CORESERVICES.c.o
[2/2] Linking C executable cmTC_d3fb2



Performing C++ SOURCE FILE Test HAVE_CXX_FLAG_STD_CXX11 succeeded with the following output:
Change Dir: /Users/rkrsn/workspace/raptor-oss/llvm-slicer/cmake-build-debug/CMakeFiles/CMakeScratch/TryCompile-3VASCd

Run Build Command(s):/Applications/CLion.app/Contents/bin/ninja/mac/ninja cmTC_4fc2a && [1/2] Building CXX object CMakeFiles/cmTC_4fc2a.dir/src.cxx.o
[2/2] Linking CXX executable cmTC_4fc2a


Source file was:
int main() { return 0; }

Performing C++ SOURCE FILE Test HAVE_CXX_FLAG_WALL succeeded with the following output:
Change Dir: /Users/rkrsn/workspace/raptor-oss/llvm-slicer/cmake-build-debug/CMakeFiles/CMakeScratch/TryCompile-DgPQQy

Run Build Command(s):/Applications/CLion.app/Contents/bin/ninja/mac/ninja cmTC_0bfb0 && [1/2] Building CXX object CMakeFiles/cmTC_0bfb0.dir/src.cxx.o
[2/2] Linking CXX executable cmTC_0bfb0


Source file was:
int main() { return 0; }

Performing C++ SOURCE FILE Test HAVE_CXX_FLAG_WEXTRA succeeded with the following output:
Change Dir: /Users/rkrsn/workspace/raptor-oss/llvm-slicer/cmake-build-debug/CMakeFiles/CMakeScratch/TryCompile-rW1VCZ

Run Build Command(s):/Applications/CLion.app/Contents/bin/ninja/mac/ninja cmTC_26c5e && [1/2] Building CXX object CMakeFiles/cmTC_26c5e.dir/src.cxx.o
[2/2] Linking CXX executable cmTC_26c5e


Source file was:
int main() { return 0; }

Performing C++ SOURCE FILE Test HAVE_CXX_FLAG_WSHADOW succeeded with the following output:
Change Dir: /Users/rkrsn/workspace/raptor-oss/llvm-slicer/cmake-build-debug/CMakeFiles/CMakeScratch/TryCompile-1t84Uf

Run Build Command(s):/Applications/CLion.app/Contents/bin/ninja/mac/ninja cmTC_e77ac && [1/2] Building CXX object CMakeFiles/cmTC_e77ac.dir/src.cxx.o
[2/2] Linking CXX executable cmTC_e77ac


Source file was:
int main() { return 0; }

Performing C++ SOURCE FILE Test HAVE_CXX_FLAG_PEDANTIC succeeded with the following output:
Change Dir: /Users/rkrsn/workspace/raptor-oss/llvm-slicer/cmake-build-debug/CMakeFiles/CMakeScratch/TryCompile-wqTHIQ

Run Build Command(s):/Applications/CLion.app/Contents/bin/ninja/mac/ninja cmTC_7d69f && [1/2] Building CXX object CMakeFiles/cmTC_7d69f.dir/src.cxx.o
[2/2] Linking CXX executable cmTC_7d69f


Source file was:
int main() { return 0; }

Performing C++ SOURCE FILE Test HAVE_CXX_FLAG_PEDANTIC_ERRORS succeeded with the following output:
Change Dir: /Users/rkrsn/workspace/raptor-oss/llvm-slicer/cmake-build-debug/CMakeFiles/CMakeScratch/TryCompile-kWRjAh

Run Build Command(s):/Applications/CLion.app/Contents/bin/ninja/mac/ninja cmTC_49b77 && [1/2] Building CXX object CMakeFiles/cmTC_49b77.dir/src.cxx.o
[2/2] Linking CXX executable cmTC_49b77


Source file was:
int main() { return 0; }

Performing C++ SOURCE FILE Test HAVE_CXX_FLAG_WSHORTEN_64_TO_32 succeeded with the following output:
Change Dir: /Users/rkrsn/workspace/raptor-oss/llvm-slicer/cmake-build-debug/CMakeFiles/CMakeScratch/TryCompile-N52dIW

Run Build Command(s):/Applications/CLion.app/Contents/bin/ninja/mac/ninja cmTC_43160 && [1/2] Building CXX object CMakeFiles/cmTC_43160.dir/src.cxx.o
[2/2] Linking CXX executable cmTC_43160


Source file was:
int main() { return 0; }

Performing C++ SOURCE FILE Test HAVE_CXX_FLAG_WFLOAT_EQUAL succeeded with the following output:
Change Dir: /Users/rkrsn/workspace/raptor-oss/llvm-slicer/cmake-build-debug/CMakeFiles/CMakeScratch/TryCompile-MDvTYh

Run Build Command(s):/Applications/CLion.app/Contents/bin/ninja/mac/ninja cmTC_2564a && [1/2] Building CXX object CMakeFiles/cmTC_2564a.dir/src.cxx.o
[2/2] Linking CXX executable cmTC_2564a


Source file was:
int main() { return 0; }

Performing C++ SOURCE FILE Test HAVE_CXX_FLAG_FSTRICT_ALIASING succeeded with the following output:
Change Dir: /Users/rkrsn/workspace/raptor-oss/llvm-slicer/cmake-build-debug/CMakeFiles/CMakeScratch/TryCompile-m8FB5o

Run Build Command(s):/Applications/CLion.app/Contents/bin/ninja/mac/ninja cmTC_2473b && [1/2] Building CXX object CMakeFiles/cmTC_2473b.dir/src.cxx.o
[2/2] Linking CXX executable cmTC_2473b


Source file was:
int main() { return 0; }

Performing C++ SOURCE FILE Test HAVE_CXX_FLAG_FNO_EXCEPTIONS succeeded with the following output:
Change Dir: /Users/rkrsn/workspace/raptor-oss/llvm-slicer/cmake-build-debug/CMakeFiles/CMakeScratch/TryCompile-HqU5GH

Run Build Command(s):/Applications/CLion.app/Contents/bin/ninja/mac/ninja cmTC_bcdf5 && [1/2] Building CXX object CMakeFiles/cmTC_bcdf5.dir/src.cxx.o
[2/2] Linking CXX executable cmTC_bcdf5


Source file was:
int main() { return 0; }

Performing C++ SOURCE FILE Test HAVE_CXX_FLAG_WNO_SUGGEST_OVERRIDE succeeded with the following output:
Change Dir: /Users/rkrsn/workspace/raptor-oss/llvm-slicer/cmake-build-debug/CMakeFiles/CMakeScratch/TryCompile-W3x1SY

Run Build Command(s):/Applications/CLion.app/Contents/bin/ninja/mac/ninja cmTC_8c20c && [1/2] Building CXX object CMakeFiles/cmTC_8c20c.dir/src.cxx.o
[2/2] Linking CXX executable cmTC_8c20c


Source file was:
int main() { return 0; }

Performing C++ SOURCE FILE Test HAVE_CXX_FLAG_WSTRICT_ALIASING succeeded with the following output:
Change Dir: /Users/rkrsn/workspace/raptor-oss/llvm-slicer/cmake-build-debug/CMakeFiles/CMakeScratch/TryCompile-QbPJV6

Run Build Command(s):/Applications/CLion.app/Contents/bin/ninja/mac/ninja cmTC_d0f3e && [1/2] Building CXX object CMakeFiles/cmTC_d0f3e.dir/src.cxx.o
[2/2] Linking CXX executable cmTC_d0f3e


Source file was:
int main() { return 0; }

Performing C++ SOURCE FILE Test HAVE_CXX_FLAG_WTHREAD_SAFETY succeeded with the following output:
Change Dir: /Users/rkrsn/workspace/raptor-oss/llvm-slicer/cmake-build-debug/CMakeFiles/CMakeScratch/TryCompile-BO8iNj

Run Build Command(s):/Applications/CLion.app/Contents/bin/ninja/mac/ninja cmTC_aa0ed && [1/2] Building CXX object CMakeFiles/cmTC_aa0ed.dir/src.cxx.o
[2/2] Linking CXX executable cmTC_aa0ed


Source file was:
int main() { return 0; }

Performing C++ SOURCE FILE Test HAVE_CXX_FLAG_COVERAGE succeeded with the following output:
Change Dir: /Users/rkrsn/workspace/raptor-oss/llvm-slicer/cmake-build-debug/CMakeFiles/CMakeScratch/TryCompile-Lg0ClC

Run Build Command(s):/Applications/CLion.app/Contents/bin/ninja/mac/ninja cmTC_af141 && [1/2] Building CXX object CMakeFiles/cmTC_af141.dir/src.cxx.o
[2/2] Linking CXX executable cmTC_af141


Source file was:
int main() { return 0; }

